\BOOKMARK [0][-]{chapter.1}{\376\377\000I\000n\000t\000r\000o\000d\000u\000c\000t\000i\000o\000n}{}% 1
\BOOKMARK [1][-]{section.1.1}{\376\377\000B\000u\000i\000l\000d\000i\000n\000g\000\040\000a\000\040\000k\000n\000o\000w\000l\000e\000d\000g\000e\000\040\000b\000a\000s\000e}{chapter.1}% 2
\BOOKMARK [1][-]{section.1.2}{\376\377\000U\000s\000i\000n\000g\000\040\000t\000h\000i\000s\000\040\000g\000u\000i\000d\000e}{chapter.1}% 3
\BOOKMARK [1][-]{section.1.3}{\376\377\000O\000u\000t\000l\000i\000n\000e\000\040\000o\000f\000\040\000t\000h\000i\000s\000\040\000g\000u\000i\000d\000e}{chapter.1}% 4
\BOOKMARK [0][-]{chapter.2}{\376\377\000G\000l\000o\000s\000s\000a\000r\000y\000\040\000a\000n\000d\000\040\000l\000i\000s\000t\000\040\000o\000f\000\040\000a\000c\000r\000o\000n\000y\000m\000s}{}% 5
\BOOKMARK [1][-]{section.2.1}{\376\377\000L\000i\000s\000t\000\040\000o\000f\000\040\000A\000c\000r\000o\000n\000y\000m\000s}{chapter.2}% 6
\BOOKMARK [1][-]{section.2.2}{\376\377\000G\000l\000o\000s\000s\000a\000r\000y}{chapter.2}% 7
\BOOKMARK [0][-]{chapter.3}{\376\377\000S\000t\000a\000t\000i\000s\000t\000i\000c\000a\000l\000\040\000D\000i\000s\000c\000l\000o\000s\000u\000r\000e\000\040\000C\000o\000n\000t\000r\000o\000l\000\040\000\050\000S\000D\000C\000\051\000:\000\040\000A\000n\000\040\000I\000n\000t\000r\000o\000d\000u\000c\000t\000i\000o\000n}{}% 8
\BOOKMARK [1][-]{section.3.1}{\376\377\000N\000e\000e\000d\000\040\000f\000o\000r\000\040\000S\000D\000C}{chapter.3}% 9
\BOOKMARK [1][-]{section.3.2}{\376\377\000T\000h\000e\000\040\000r\000i\000s\000k\000-\000u\000t\000i\000l\000i\000t\000y\000\040\000t\000r\000a\000d\000e\000-\000o\000f\000f\000\040\000i\000n\000\040\000t\000h\000e\000\040\000S\000D\000C\000\040\000p\000r\000o\000c\000e\000s\000s}{chapter.3}% 10
\BOOKMARK [1][-]{section.3.3}{\376\377\000R\000e\000l\000e\000a\000s\000e\000\040\000T\000y\000p\000e\000s}{chapter.3}% 11
\BOOKMARK [1][-]{section.3.4}{\376\377\000C\000o\000n\000d\000i\000t\000i\000o\000n\000s\000\040\000f\000o\000r\000\040\000P\000U\000F\000s}{chapter.3}% 12
\BOOKMARK [1][-]{section.3.5}{\376\377\000C\000o\000n\000d\000i\000t\000i\000o\000n\000s\000\040\000f\000o\000r\000\040\000S\000U\000F\000s}{chapter.3}% 13
\BOOKMARK [1][-]{section.3.6}{\376\377\000C\000o\000n\000d\000i\000t\000i\000o\000n\000s\000\040\000f\000o\000r\000\040\000m\000i\000c\000r\000o\000d\000a\000t\000a\000\040\000a\000v\000a\000i\000l\000a\000b\000l\000e\000\040\000i\000n\000\040\000a\000\040\000c\000o\000n\000t\000r\000o\000l\000l\000e\000d\000\040\000r\000e\000s\000e\000a\000r\000c\000h\000\040\000d\000a\000t\000a\000\040\000c\000e\000n\000t\000e\000r}{chapter.3}% 14
\BOOKMARK [0][-]{chapter.4}{\376\377\000M\000e\000a\000s\000u\000r\000i\000n\000g\000\040\000R\000i\000s\000k}{}% 15
\BOOKMARK [1][-]{section.4.1}{\376\377\000T\000y\000p\000e\000s\000\040\000o\000f\000\040\000d\000i\000s\000c\000l\000o\000s\000u\000r\000e}{chapter.4}% 16
\BOOKMARK [1][-]{section.4.2}{\376\377\000C\000l\000a\000s\000s\000i\000f\000i\000c\000a\000t\000i\000o\000n\000\040\000o\000f\000\040\000v\000a\000r\000i\000a\000b\000l\000e\000s}{chapter.4}% 17
\BOOKMARK [1][-]{section.4.3}{\376\377\000D\000i\000s\000c\000l\000o\000s\000u\000r\000e\000\040\000s\000c\000e\000n\000a\000r\000i\000o\000s}{chapter.4}% 18
\BOOKMARK [1][-]{section.4.4}{\376\377\000L\000e\000v\000e\000l\000s\000\040\000o\000f\000\040\000r\000i\000s\000k}{chapter.4}% 19
\BOOKMARK [1][-]{section.4.5}{\376\377\000I\000n\000d\000i\000v\000i\000d\000u\000a\000l\000\040\000r\000i\000s\000k}{chapter.4}% 20
\BOOKMARK [1][-]{section.4.6}{\376\377\000S\000p\000e\000c\000i\000a\000l\000\040\000U\000n\000i\000q\000u\000e\000s\000\040\000D\000e\000t\000e\000c\000t\000i\000o\000n\000\040\000A\000l\000g\000o\000r\000i\000t\000h\000m\000\040\000\050\000S\000U\000D\000A\000\051}{chapter.4}% 21
\BOOKMARK [1][-]{section.4.7}{\376\377\000R\000i\000s\000k\000\040\000m\000e\000a\000s\000u\000r\000e\000s\000\040\000f\000o\000r\000\040\000c\000o\000n\000t\000i\000n\000u\000o\000u\000s\000\040\000v\000a\000r\000i\000a\000b\000l\000e\000s}{chapter.4}% 22
\BOOKMARK [1][-]{section.4.8}{\376\377\000G\000l\000o\000b\000a\000l\000\040\000r\000i\000s\000k}{chapter.4}% 23
\BOOKMARK [1][-]{section.4.9}{\376\377\000H\000o\000u\000s\000e\000h\000o\000l\000d\000\040\000r\000i\000s\000k}{chapter.4}% 24
\BOOKMARK [0][-]{chapter.5}{\376\377\000A\000n\000o\000n\000y\000m\000i\000z\000a\000t\000i\000o\000n\000\040\000M\000e\000t\000h\000o\000d\000s}{}% 25
\BOOKMARK [1][-]{section.5.1}{\376\377\000C\000l\000a\000s\000s\000i\000f\000i\000c\000a\000t\000i\000o\000n\000\040\000o\000f\000\040\000S\000D\000C\000\040\000m\000e\000t\000h\000o\000d\000s}{chapter.5}% 26
\BOOKMARK [1][-]{section.5.2}{\376\377\000N\000o\000n\000-\000p\000e\000r\000t\000u\000r\000b\000a\000t\000i\000v\000e\000\040\000m\000e\000t\000h\000o\000d\000s}{chapter.5}% 27
\BOOKMARK [1][-]{section.5.3}{\376\377\000P\000e\000r\000t\000u\000r\000b\000a\000t\000i\000v\000e\000\040\000m\000e\000t\000h\000o\000d\000s}{chapter.5}% 28
