This is pdfTeX, Version 3.14159265-2.6-1.40.16 (TeX Live 2015) (preloaded format=pdflatex 2016.1.11)  4 JUN 2018 12:07
entering extended mode
 restricted \write18 enabled.
 %&-line parsing enabled.
**Readthedocs.tex
(./Readthedocs.tex
LaTeX2e <2015/01/01>
Babel <3.9l> and hyphenation patterns for 79 languages loaded.
(./sphinxmanual.cls
Document Class: sphinxmanual 2017/03/26 v1.6 Document class (Sphinx manual)
(/usr/local/texlive/2015/texmf-dist/tex/latex/base/report.cls
Document Class: report 2014/09/29 v1.4h Standard LaTeX document class
(/usr/local/texlive/2015/texmf-dist/tex/latex/base/size10.clo
File: size10.clo 2014/09/29 v1.4h Standard LaTeX file (size option)
)
\c@part=\count79
\c@chapter=\count80
\c@section=\count81
\c@subsection=\count82
\c@subsubsection=\count83
\c@paragraph=\count84
\c@subparagraph=\count85
\c@figure=\count86
\c@table=\count87
\abovecaptionskip=\skip41
\belowcaptionskip=\skip42
\bibindent=\dimen102
))
(/usr/local/texlive/2015/texmf-dist/tex/latex/base/inputenc.sty
Package: inputenc 2015/03/17 v1.2c Input encoding file
\inpenc@prehook=\toks14
\inpenc@posthook=\toks15

(/usr/local/texlive/2015/texmf-dist/tex/latex/base/utf8.def
File: utf8.def 2014/09/29 v1.1m UTF-8 support for inputenc
Now handling font encoding OML ...
... no UTF-8 mapping file for font encoding OML
Now handling font encoding T1 ...
... processing UTF-8 mapping file for font encoding T1

(/usr/local/texlive/2015/texmf-dist/tex/latex/base/t1enc.dfu
File: t1enc.dfu 2014/09/29 v1.1m UTF-8 support for inputenc
   defining Unicode char U+00A1 (decimal 161)
   defining Unicode char U+00A3 (decimal 163)
   defining Unicode char U+00AB (decimal 171)
   defining Unicode char U+00BB (decimal 187)
   defining Unicode char U+00BF (decimal 191)
   defining Unicode char U+00C0 (decimal 192)
   defining Unicode char U+00C1 (decimal 193)
   defining Unicode char U+00C2 (decimal 194)
   defining Unicode char U+00C3 (decimal 195)
   defining Unicode char U+00C4 (decimal 196)
   defining Unicode char U+00C5 (decimal 197)
   defining Unicode char U+00C6 (decimal 198)
   defining Unicode char U+00C7 (decimal 199)
   defining Unicode char U+00C8 (decimal 200)
   defining Unicode char U+00C9 (decimal 201)
   defining Unicode char U+00CA (decimal 202)
   defining Unicode char U+00CB (decimal 203)
   defining Unicode char U+00CC (decimal 204)
   defining Unicode char U+00CD (decimal 205)
   defining Unicode char U+00CE (decimal 206)
   defining Unicode char U+00CF (decimal 207)
   defining Unicode char U+00D0 (decimal 208)
   defining Unicode char U+00D1 (decimal 209)
   defining Unicode char U+00D2 (decimal 210)
   defining Unicode char U+00D3 (decimal 211)
   defining Unicode char U+00D4 (decimal 212)
   defining Unicode char U+00D5 (decimal 213)
   defining Unicode char U+00D6 (decimal 214)
   defining Unicode char U+00D8 (decimal 216)
   defining Unicode char U+00D9 (decimal 217)
   defining Unicode char U+00DA (decimal 218)
   defining Unicode char U+00DB (decimal 219)
   defining Unicode char U+00DC (decimal 220)
   defining Unicode char U+00DD (decimal 221)
   defining Unicode char U+00DE (decimal 222)
   defining Unicode char U+00DF (decimal 223)
   defining Unicode char U+00E0 (decimal 224)
   defining Unicode char U+00E1 (decimal 225)
   defining Unicode char U+00E2 (decimal 226)
   defining Unicode char U+00E3 (decimal 227)
   defining Unicode char U+00E4 (decimal 228)
   defining Unicode char U+00E5 (decimal 229)
   defining Unicode char U+00E6 (decimal 230)
   defining Unicode char U+00E7 (decimal 231)
   defining Unicode char U+00E8 (decimal 232)
   defining Unicode char U+00E9 (decimal 233)
   defining Unicode char U+00EA (decimal 234)
   defining Unicode char U+00EB (decimal 235)
   defining Unicode char U+00EC (decimal 236)
   defining Unicode char U+00ED (decimal 237)
   defining Unicode char U+00EE (decimal 238)
   defining Unicode char U+00EF (decimal 239)
   defining Unicode char U+00F0 (decimal 240)
   defining Unicode char U+00F1 (decimal 241)
   defining Unicode char U+00F2 (decimal 242)
   defining Unicode char U+00F3 (decimal 243)
   defining Unicode char U+00F4 (decimal 244)
   defining Unicode char U+00F5 (decimal 245)
   defining Unicode char U+00F6 (decimal 246)
   defining Unicode char U+00F8 (decimal 248)
   defining Unicode char U+00F9 (decimal 249)
   defining Unicode char U+00FA (decimal 250)
   defining Unicode char U+00FB (decimal 251)
   defining Unicode char U+00FC (decimal 252)
   defining Unicode char U+00FD (decimal 253)
   defining Unicode char U+00FE (decimal 254)
   defining Unicode char U+00FF (decimal 255)
   defining Unicode char U+0102 (decimal 258)
   defining Unicode char U+0103 (decimal 259)
   defining Unicode char U+0104 (decimal 260)
   defining Unicode char U+0105 (decimal 261)
   defining Unicode char U+0106 (decimal 262)
   defining Unicode char U+0107 (decimal 263)
   defining Unicode char U+010C (decimal 268)
   defining Unicode char U+010D (decimal 269)
   defining Unicode char U+010E (decimal 270)
   defining Unicode char U+010F (decimal 271)
   defining Unicode char U+0110 (decimal 272)
   defining Unicode char U+0111 (decimal 273)
   defining Unicode char U+0118 (decimal 280)
   defining Unicode char U+0119 (decimal 281)
   defining Unicode char U+011A (decimal 282)
   defining Unicode char U+011B (decimal 283)
   defining Unicode char U+011E (decimal 286)
   defining Unicode char U+011F (decimal 287)
   defining Unicode char U+0130 (decimal 304)
   defining Unicode char U+0131 (decimal 305)
   defining Unicode char U+0132 (decimal 306)
   defining Unicode char U+0133 (decimal 307)
   defining Unicode char U+0139 (decimal 313)
   defining Unicode char U+013A (decimal 314)
   defining Unicode char U+013D (decimal 317)
   defining Unicode char U+013E (decimal 318)
   defining Unicode char U+0141 (decimal 321)
   defining Unicode char U+0142 (decimal 322)
   defining Unicode char U+0143 (decimal 323)
   defining Unicode char U+0144 (decimal 324)
   defining Unicode char U+0147 (decimal 327)
   defining Unicode char U+0148 (decimal 328)
   defining Unicode char U+014A (decimal 330)
   defining Unicode char U+014B (decimal 331)
   defining Unicode char U+0150 (decimal 336)
   defining Unicode char U+0151 (decimal 337)
   defining Unicode char U+0152 (decimal 338)
   defining Unicode char U+0153 (decimal 339)
   defining Unicode char U+0154 (decimal 340)
   defining Unicode char U+0155 (decimal 341)
   defining Unicode char U+0158 (decimal 344)
   defining Unicode char U+0159 (decimal 345)
   defining Unicode char U+015A (decimal 346)
   defining Unicode char U+015B (decimal 347)
   defining Unicode char U+015E (decimal 350)
   defining Unicode char U+015F (decimal 351)
   defining Unicode char U+0160 (decimal 352)
   defining Unicode char U+0161 (decimal 353)
   defining Unicode char U+0162 (decimal 354)
   defining Unicode char U+0163 (decimal 355)
   defining Unicode char U+0164 (decimal 356)
   defining Unicode char U+0165 (decimal 357)
   defining Unicode char U+016E (decimal 366)
   defining Unicode char U+016F (decimal 367)
   defining Unicode char U+0170 (decimal 368)
   defining Unicode char U+0171 (decimal 369)
   defining Unicode char U+0178 (decimal 376)
   defining Unicode char U+0179 (decimal 377)
   defining Unicode char U+017A (decimal 378)
   defining Unicode char U+017B (decimal 379)
   defining Unicode char U+017C (decimal 380)
   defining Unicode char U+017D (decimal 381)
   defining Unicode char U+017E (decimal 382)
   defining Unicode char U+200C (decimal 8204)
   defining Unicode char U+2013 (decimal 8211)
   defining Unicode char U+2014 (decimal 8212)
   defining Unicode char U+2018 (decimal 8216)
   defining Unicode char U+2019 (decimal 8217)
   defining Unicode char U+201A (decimal 8218)
   defining Unicode char U+201C (decimal 8220)
   defining Unicode char U+201D (decimal 8221)
   defining Unicode char U+201E (decimal 8222)
   defining Unicode char U+2030 (decimal 8240)
   defining Unicode char U+2031 (decimal 8241)
   defining Unicode char U+2039 (decimal 8249)
   defining Unicode char U+203A (decimal 8250)
   defining Unicode char U+2423 (decimal 9251)
)
Now handling font encoding OT1 ...
... processing UTF-8 mapping file for font encoding OT1

(/usr/local/texlive/2015/texmf-dist/tex/latex/base/ot1enc.dfu
File: ot1enc.dfu 2014/09/29 v1.1m UTF-8 support for inputenc
   defining Unicode char U+00A1 (decimal 161)
   defining Unicode char U+00A3 (decimal 163)
   defining Unicode char U+00B8 (decimal 184)
   defining Unicode char U+00BF (decimal 191)
   defining Unicode char U+00C5 (decimal 197)
   defining Unicode char U+00C6 (decimal 198)
   defining Unicode char U+00D8 (decimal 216)
   defining Unicode char U+00DF (decimal 223)
   defining Unicode char U+00E6 (decimal 230)
   defining Unicode char U+00EC (decimal 236)
   defining Unicode char U+00ED (decimal 237)
   defining Unicode char U+00EE (decimal 238)
   defining Unicode char U+00EF (decimal 239)
   defining Unicode char U+00F8 (decimal 248)
   defining Unicode char U+0131 (decimal 305)
   defining Unicode char U+0141 (decimal 321)
   defining Unicode char U+0142 (decimal 322)
   defining Unicode char U+0152 (decimal 338)
   defining Unicode char U+0153 (decimal 339)
   defining Unicode char U+2013 (decimal 8211)
   defining Unicode char U+2014 (decimal 8212)
   defining Unicode char U+2018 (decimal 8216)
   defining Unicode char U+2019 (decimal 8217)
   defining Unicode char U+201C (decimal 8220)
   defining Unicode char U+201D (decimal 8221)
)
Now handling font encoding OMS ...
... processing UTF-8 mapping file for font encoding OMS

(/usr/local/texlive/2015/texmf-dist/tex/latex/base/omsenc.dfu
File: omsenc.dfu 2014/09/29 v1.1m UTF-8 support for inputenc
   defining Unicode char U+00A7 (decimal 167)
   defining Unicode char U+00B6 (decimal 182)
   defining Unicode char U+00B7 (decimal 183)
   defining Unicode char U+2020 (decimal 8224)
   defining Unicode char U+2021 (decimal 8225)
   defining Unicode char U+2022 (decimal 8226)
)
Now handling font encoding OMX ...
... no UTF-8 mapping file for font encoding OMX
Now handling font encoding U ...
... no UTF-8 mapping file for font encoding U
   defining Unicode char U+00A9 (decimal 169)
   defining Unicode char U+00AA (decimal 170)
   defining Unicode char U+00AE (decimal 174)
   defining Unicode char U+00BA (decimal 186)
   defining Unicode char U+02C6 (decimal 710)
   defining Unicode char U+02DC (decimal 732)
   defining Unicode char U+200C (decimal 8204)
   defining Unicode char U+2026 (decimal 8230)
   defining Unicode char U+2122 (decimal 8482)
   defining Unicode char U+2423 (decimal 9251)
))
   defining Unicode char U+00A0 (decimal 160)
   defining Unicode char U+2500 (decimal 9472)
   defining Unicode char U+2502 (decimal 9474)
   defining Unicode char U+2514 (decimal 9492)
   defining Unicode char U+251C (decimal 9500)
   defining Unicode char U+2572 (decimal 9586)

(/usr/local/texlive/2015/texmf-dist/tex/latex/cmap/cmap.sty
Package: cmap 2008/03/06 v1.0h CMap support: searchable PDF
)
(/usr/local/texlive/2015/texmf-dist/tex/latex/base/fontenc.sty
Package: fontenc 2005/09/27 v1.99g Standard LaTeX package

(/usr/local/texlive/2015/texmf-dist/tex/latex/base/t1enc.def
File: t1enc.def 2005/09/27 v1.99g Standard LaTeX file
LaTeX Font Info:    Redeclaring font encoding T1 on input line 48.
)<<t1.cmap>>)
(/usr/local/texlive/2015/texmf-dist/tex/latex/amsmath/amsmath.sty
Package: amsmath 2013/01/14 v2.14 AMS math features
\@mathmargin=\skip43

For additional information on amsmath, use the `?' option.
(/usr/local/texlive/2015/texmf-dist/tex/latex/amsmath/amstext.sty
Package: amstext 2000/06/29 v2.01

(/usr/local/texlive/2015/texmf-dist/tex/latex/amsmath/amsgen.sty
File: amsgen.sty 1999/11/30 v2.0
\@emptytoks=\toks16
\ex@=\dimen103
))
(/usr/local/texlive/2015/texmf-dist/tex/latex/amsmath/amsbsy.sty
Package: amsbsy 1999/11/29 v1.2d
\pmbraise@=\dimen104
)
(/usr/local/texlive/2015/texmf-dist/tex/latex/amsmath/amsopn.sty
Package: amsopn 1999/12/14 v2.01 operator names
)
\inf@bad=\count88
LaTeX Info: Redefining \frac on input line 210.
\uproot@=\count89
\leftroot@=\count90
LaTeX Info: Redefining \overline on input line 306.
\classnum@=\count91
\DOTSCASE@=\count92
LaTeX Info: Redefining \ldots on input line 378.
LaTeX Info: Redefining \dots on input line 381.
LaTeX Info: Redefining \cdots on input line 466.
\Mathstrutbox@=\box26
\strutbox@=\box27
\big@size=\dimen105
LaTeX Font Info:    Redeclaring font encoding OML on input line 566.
LaTeX Font Info:    Redeclaring font encoding OMS on input line 567.
\macc@depth=\count93
\c@MaxMatrixCols=\count94
\dotsspace@=\muskip10
\c@parentequation=\count95
\dspbrk@lvl=\count96
\tag@help=\toks17
\row@=\count97
\column@=\count98
\maxfields@=\count99
\andhelp@=\toks18
\eqnshift@=\dimen106
\alignsep@=\dimen107
\tagshift@=\dimen108
\tagwidth@=\dimen109
\totwidth@=\dimen110
\lineht@=\dimen111
\@envbody=\toks19
\multlinegap=\skip44
\multlinetaggap=\skip45
\mathdisplay@stack=\toks20
LaTeX Info: Redefining \[ on input line 2665.
LaTeX Info: Redefining \] on input line 2666.
)
(/usr/local/texlive/2015/texmf-dist/tex/latex/amsfonts/amssymb.sty
Package: amssymb 2013/01/14 v3.01 AMS font symbols

(/usr/local/texlive/2015/texmf-dist/tex/latex/amsfonts/amsfonts.sty
Package: amsfonts 2013/01/14 v3.01 Basic AMSFonts support
\symAMSa=\mathgroup4
\symAMSb=\mathgroup5
LaTeX Font Info:    Overwriting math alphabet `\mathfrak' in version `bold'
(Font)                  U/euf/m/n --> U/euf/b/n on input line 106.
))
(/usr/local/texlive/2015/texmf-dist/tex/generic/babel/babel.sty
Package: babel 2014/09/25 3.9l The Babel package

(/usr/local/texlive/2015/texmf-dist/tex/generic/babel-english/english.ldf
Language: english 2012/08/20 v3.3p English support from the babel system

(/usr/local/texlive/2015/texmf-dist/tex/generic/babel/babel.def
File: babel.def 2014/09/25 3.9l Babel common definitions
\babel@savecnt=\count100
\U@D=\dimen112
)
\l@canadian = a dialect from \language\l@american 
\l@australian = a dialect from \language\l@british 
\l@newzealand = a dialect from \language\l@british 
))
(/usr/local/texlive/2015/texmf-dist/tex/latex/psnfss/times.sty
Package: times 2005/04/12 PSNFSS-v9.2a (SPQR) 
)
(/usr/local/texlive/2015/texmf-dist/tex/latex/fncychap/fncychap.sty
Package: fncychap 2007/07/30 v1.34 LaTeX package (Revised chapters)
\RW=\skip46
\mylen=\skip47
\myhi=\skip48
\px=\skip49
\py=\skip50
\pyy=\skip51
\pxx=\skip52
\c@AlphaCnt=\count101
\c@AlphaDecCnt=\count102
)
(./sphinx.sty
Package: sphinx 2018/03/11 v1.7.2 LaTeX package (Sphinx markup)

(/usr/local/texlive/2015/texmf-dist/tex/generic/oberdiek/ltxcmds.sty
Package: ltxcmds 2011/11/09 v1.22 LaTeX kernel commands for general use (HO)
)
(/usr/local/texlive/2015/texmf-dist/tex/latex/graphics/graphicx.sty
Package: graphicx 2014/10/28 v1.0g Enhanced LaTeX Graphics (DPC,SPQR)

(/usr/local/texlive/2015/texmf-dist/tex/latex/graphics/keyval.sty
Package: keyval 2014/10/28 v1.15 key=value parser (DPC)
\KV@toks@=\toks21
)
(/usr/local/texlive/2015/texmf-dist/tex/latex/graphics/graphics.sty
Package: graphics 2014/10/28 v1.0p Standard LaTeX Graphics (DPC,SPQR)

(/usr/local/texlive/2015/texmf-dist/tex/latex/graphics/trig.sty
Package: trig 1999/03/16 v1.09 sin cos tan (DPC)
)
(/usr/local/texlive/2015/texmf-dist/tex/latex/latexconfig/graphics.cfg
File: graphics.cfg 2010/04/23 v1.9 graphics configuration of TeX Live
)
Package graphics Info: Driver file: pdftex.def on input line 94.

(/usr/local/texlive/2015/texmf-dist/tex/latex/pdftex-def/pdftex.def
File: pdftex.def 2011/05/27 v0.06d Graphics/color for pdfTeX

(/usr/local/texlive/2015/texmf-dist/tex/generic/oberdiek/infwarerr.sty
Package: infwarerr 2010/04/08 v1.3 Providing info/warning/error messages (HO)
)
\Gread@gobject=\count103
))
\Gin@req@height=\dimen113
\Gin@req@width=\dimen114
)
(/usr/local/texlive/2015/texmf-dist/tex/latex/fancyhdr/fancyhdr.sty
\fancy@headwidth=\skip53
\f@ncyO@elh=\skip54
\f@ncyO@erh=\skip55
\f@ncyO@olh=\skip56
\f@ncyO@orh=\skip57
\f@ncyO@elf=\skip58
\f@ncyO@erf=\skip59
\f@ncyO@olf=\skip60
\f@ncyO@orf=\skip61
)
(/usr/local/texlive/2015/texmf-dist/tex/latex/base/textcomp.sty
Package: textcomp 2005/09/27 v1.99g Standard LaTeX package
Package textcomp Info: Sub-encoding information:
(textcomp)               5 = only ISO-Adobe without \textcurrency
(textcomp)               4 = 5 + \texteuro
(textcomp)               3 = 4 + \textohm
(textcomp)               2 = 3 + \textestimated + \textcurrency
(textcomp)               1 = TS1 - \textcircled - \t
(textcomp)               0 = TS1 (full)
(textcomp)             Font families with sub-encoding setting implement
(textcomp)             only a restricted character set as indicated.
(textcomp)             Family '?' is the default used for unknown fonts.
(textcomp)             See the documentation for details.
Package textcomp Info: Setting ? sub-encoding to TS1/1 on input line 79.

(/usr/local/texlive/2015/texmf-dist/tex/latex/base/ts1enc.def
File: ts1enc.def 2001/06/05 v3.0e (jk/car/fm) Standard LaTeX file
Now handling font encoding TS1 ...
... processing UTF-8 mapping file for font encoding TS1

(/usr/local/texlive/2015/texmf-dist/tex/latex/base/ts1enc.dfu
File: ts1enc.dfu 2014/09/29 v1.1m UTF-8 support for inputenc
   defining Unicode char U+00A2 (decimal 162)
   defining Unicode char U+00A3 (decimal 163)
   defining Unicode char U+00A4 (decimal 164)
   defining Unicode char U+00A5 (decimal 165)
   defining Unicode char U+00A6 (decimal 166)
   defining Unicode char U+00A7 (decimal 167)
   defining Unicode char U+00A8 (decimal 168)
   defining Unicode char U+00A9 (decimal 169)
   defining Unicode char U+00AA (decimal 170)
   defining Unicode char U+00AC (decimal 172)
   defining Unicode char U+00AE (decimal 174)
   defining Unicode char U+00AF (decimal 175)
   defining Unicode char U+00B0 (decimal 176)
   defining Unicode char U+00B1 (decimal 177)
   defining Unicode char U+00B2 (decimal 178)
   defining Unicode char U+00B3 (decimal 179)
   defining Unicode char U+00B4 (decimal 180)
   defining Unicode char U+00B5 (decimal 181)
   defining Unicode char U+00B6 (decimal 182)
   defining Unicode char U+00B7 (decimal 183)
   defining Unicode char U+00B9 (decimal 185)
   defining Unicode char U+00BA (decimal 186)
   defining Unicode char U+00BC (decimal 188)
   defining Unicode char U+00BD (decimal 189)
   defining Unicode char U+00BE (decimal 190)
   defining Unicode char U+00D7 (decimal 215)
   defining Unicode char U+00F7 (decimal 247)
   defining Unicode char U+0192 (decimal 402)
   defining Unicode char U+02C7 (decimal 711)
   defining Unicode char U+02D8 (decimal 728)
   defining Unicode char U+02DD (decimal 733)
   defining Unicode char U+0E3F (decimal 3647)
   defining Unicode char U+2016 (decimal 8214)
   defining Unicode char U+2020 (decimal 8224)
   defining Unicode char U+2021 (decimal 8225)
   defining Unicode char U+2022 (decimal 8226)
   defining Unicode char U+2030 (decimal 8240)
   defining Unicode char U+2031 (decimal 8241)
   defining Unicode char U+203B (decimal 8251)
   defining Unicode char U+203D (decimal 8253)
   defining Unicode char U+2044 (decimal 8260)
   defining Unicode char U+204E (decimal 8270)
   defining Unicode char U+2052 (decimal 8274)
   defining Unicode char U+20A1 (decimal 8353)
   defining Unicode char U+20A4 (decimal 8356)
   defining Unicode char U+20A6 (decimal 8358)
   defining Unicode char U+20A9 (decimal 8361)
   defining Unicode char U+20AB (decimal 8363)
   defining Unicode char U+20AC (decimal 8364)
   defining Unicode char U+20B1 (decimal 8369)
   defining Unicode char U+2103 (decimal 8451)
   defining Unicode char U+2116 (decimal 8470)
   defining Unicode char U+2117 (decimal 8471)
   defining Unicode char U+211E (decimal 8478)
   defining Unicode char U+2120 (decimal 8480)
   defining Unicode char U+2122 (decimal 8482)
   defining Unicode char U+2126 (decimal 8486)
   defining Unicode char U+2127 (decimal 8487)
   defining Unicode char U+212E (decimal 8494)
   defining Unicode char U+2190 (decimal 8592)
   defining Unicode char U+2191 (decimal 8593)
   defining Unicode char U+2192 (decimal 8594)
   defining Unicode char U+2193 (decimal 8595)
   defining Unicode char U+2329 (decimal 9001)
   defining Unicode char U+232A (decimal 9002)
   defining Unicode char U+2422 (decimal 9250)
   defining Unicode char U+25E6 (decimal 9702)
   defining Unicode char U+25EF (decimal 9711)
   defining Unicode char U+266A (decimal 9834)
))
LaTeX Info: Redefining \oldstylenums on input line 334.
Package textcomp Info: Setting cmr sub-encoding to TS1/0 on input line 349.
Package textcomp Info: Setting cmss sub-encoding to TS1/0 on input line 350.
Package textcomp Info: Setting cmtt sub-encoding to TS1/0 on input line 351.
Package textcomp Info: Setting cmvtt sub-encoding to TS1/0 on input line 352.
Package textcomp Info: Setting cmbr sub-encoding to TS1/0 on input line 353.
Package textcomp Info: Setting cmtl sub-encoding to TS1/0 on input line 354.
Package textcomp Info: Setting ccr sub-encoding to TS1/0 on input line 355.
Package textcomp Info: Setting ptm sub-encoding to TS1/4 on input line 356.
Package textcomp Info: Setting pcr sub-encoding to TS1/4 on input line 357.
Package textcomp Info: Setting phv sub-encoding to TS1/4 on input line 358.
Package textcomp Info: Setting ppl sub-encoding to TS1/3 on input line 359.
Package textcomp Info: Setting pag sub-encoding to TS1/4 on input line 360.
Package textcomp Info: Setting pbk sub-encoding to TS1/4 on input line 361.
Package textcomp Info: Setting pnc sub-encoding to TS1/4 on input line 362.
Package textcomp Info: Setting pzc sub-encoding to TS1/4 on input line 363.
Package textcomp Info: Setting bch sub-encoding to TS1/4 on input line 364.
Package textcomp Info: Setting put sub-encoding to TS1/5 on input line 365.
Package textcomp Info: Setting uag sub-encoding to TS1/5 on input line 366.
Package textcomp Info: Setting ugq sub-encoding to TS1/5 on input line 367.
Package textcomp Info: Setting ul8 sub-encoding to TS1/4 on input line 368.
Package textcomp Info: Setting ul9 sub-encoding to TS1/4 on input line 369.
Package textcomp Info: Setting augie sub-encoding to TS1/5 on input line 370.
Package textcomp Info: Setting dayrom sub-encoding to TS1/3 on input line 371.
Package textcomp Info: Setting dayroms sub-encoding to TS1/3 on input line 372.

Package textcomp Info: Setting pxr sub-encoding to TS1/0 on input line 373.
Package textcomp Info: Setting pxss sub-encoding to TS1/0 on input line 374.
Package textcomp Info: Setting pxtt sub-encoding to TS1/0 on input line 375.
Package textcomp Info: Setting txr sub-encoding to TS1/0 on input line 376.
Package textcomp Info: Setting txss sub-encoding to TS1/0 on input line 377.
Package textcomp Info: Setting txtt sub-encoding to TS1/0 on input line 378.
Package textcomp Info: Setting lmr sub-encoding to TS1/0 on input line 379.
Package textcomp Info: Setting lmdh sub-encoding to TS1/0 on input line 380.
Package textcomp Info: Setting lmss sub-encoding to TS1/0 on input line 381.
Package textcomp Info: Setting lmssq sub-encoding to TS1/0 on input line 382.
Package textcomp Info: Setting lmvtt sub-encoding to TS1/0 on input line 383.
Package textcomp Info: Setting lmtt sub-encoding to TS1/0 on input line 384.
Package textcomp Info: Setting qhv sub-encoding to TS1/0 on input line 385.
Package textcomp Info: Setting qag sub-encoding to TS1/0 on input line 386.
Package textcomp Info: Setting qbk sub-encoding to TS1/0 on input line 387.
Package textcomp Info: Setting qcr sub-encoding to TS1/0 on input line 388.
Package textcomp Info: Setting qcs sub-encoding to TS1/0 on input line 389.
Package textcomp Info: Setting qpl sub-encoding to TS1/0 on input line 390.
Package textcomp Info: Setting qtm sub-encoding to TS1/0 on input line 391.
Package textcomp Info: Setting qzc sub-encoding to TS1/0 on input line 392.
Package textcomp Info: Setting qhvc sub-encoding to TS1/0 on input line 393.
Package textcomp Info: Setting futs sub-encoding to TS1/4 on input line 394.
Package textcomp Info: Setting futx sub-encoding to TS1/4 on input line 395.
Package textcomp Info: Setting futj sub-encoding to TS1/4 on input line 396.
Package textcomp Info: Setting hlh sub-encoding to TS1/3 on input line 397.
Package textcomp Info: Setting hls sub-encoding to TS1/3 on input line 398.
Package textcomp Info: Setting hlst sub-encoding to TS1/3 on input line 399.
Package textcomp Info: Setting hlct sub-encoding to TS1/5 on input line 400.
Package textcomp Info: Setting hlx sub-encoding to TS1/5 on input line 401.
Package textcomp Info: Setting hlce sub-encoding to TS1/5 on input line 402.
Package textcomp Info: Setting hlcn sub-encoding to TS1/5 on input line 403.
Package textcomp Info: Setting hlcw sub-encoding to TS1/5 on input line 404.
Package textcomp Info: Setting hlcf sub-encoding to TS1/5 on input line 405.
Package textcomp Info: Setting pplx sub-encoding to TS1/3 on input line 406.
Package textcomp Info: Setting pplj sub-encoding to TS1/3 on input line 407.
Package textcomp Info: Setting ptmx sub-encoding to TS1/4 on input line 408.
Package textcomp Info: Setting ptmj sub-encoding to TS1/4 on input line 409.
)
(/usr/local/texlive/2015/texmf-dist/tex/latex/titlesec/titlesec.sty
Package: titlesec 2011/12/15 v2.10.0 Sectioning titles
\ttl@box=\box28
\beforetitleunit=\skip62
\aftertitleunit=\skip63
\ttl@plus=\dimen115
\ttl@minus=\dimen116
\ttl@toksa=\toks22
\titlewidth=\dimen117
\titlewidthlast=\dimen118
\titlewidthfirst=\dimen119
)
(/usr/local/texlive/2015/texmf-dist/tex/latex/tabulary/tabulary.sty
Package: tabulary 2014/06/11 v0.10 tabulary package (DPC)

(/usr/local/texlive/2015/texmf-dist/tex/latex/tools/array.sty
Package: array 2014/10/28 v2.4c Tabular extension package (FMi)
\col@sep=\dimen120
\extrarowheight=\dimen121
\NC@list=\toks23
\extratabsurround=\skip64
\backup@length=\skip65
)
\TY@count=\count104
\TY@linewidth=\dimen122
\tymin=\dimen123
\tymax=\dimen124
\TY@tablewidth=\dimen125
)
(/usr/local/texlive/2015/texmf-dist/tex/latex/tools/longtable.sty
Package: longtable 2014/10/28 v4.11 Multi-page Table package (DPC)
\LTleft=\skip66
\LTright=\skip67
\LTpre=\skip68
\LTpost=\skip69
\LTchunksize=\count105
\LTcapwidth=\dimen126
\LT@head=\box29
\LT@firsthead=\box30
\LT@foot=\box31
\LT@lastfoot=\box32
\LT@cols=\count106
\LT@rows=\count107
\c@LT@tables=\count108
\c@LT@chunks=\count109
\LT@p@ftn=\toks24
)
(/usr/local/texlive/2015/texmf-dist/tex/latex/varwidth/varwidth.sty
Package: varwidth 2009/03/30 ver 0.92;  Variable-width minipages
\@vwid@box=\box33
\sift@deathcycles=\count110
\@vwid@loff=\dimen127
\@vwid@roff=\dimen128
)
(./sphinxmulticell.sty
Package: sphinxmulticell 2017/02/23 v1.6 better span rows and columns of a tabl
e (Sphinx team)
\sphinx@TY@tablewidth=\dimen129
)
(/usr/local/texlive/2015/texmf-dist/tex/latex/base/makeidx.sty
Package: makeidx 2014/09/29 v1.0m Standard LaTeX package
)
(/usr/local/texlive/2015/texmf-dist/tex/latex/framed/framed.sty
Package: framed 2011/10/22 v 0.96: framed or shaded text with page breaks
\OuterFrameSep=\skip70
\fb@frw=\dimen130
\fb@frh=\dimen131
\FrameRule=\dimen132
\FrameSep=\dimen133
)
(/usr/local/texlive/2015/texmf-dist/tex/latex/xcolor/xcolor.sty
Package: xcolor 2007/01/21 v2.11 LaTeX color extensions (UK)

(/usr/local/texlive/2015/texmf-dist/tex/latex/latexconfig/color.cfg
File: color.cfg 2007/01/18 v1.5 color configuration of teTeX/TeXLive
)
Package xcolor Info: Driver file: pdftex.def on input line 225.
Package xcolor Info: Model `cmy' substituted by `cmy0' on input line 1337.
Package xcolor Info: Model `hsb' substituted by `rgb' on input line 1341.
Package xcolor Info: Model `RGB' extended on input line 1353.
Package xcolor Info: Model `HTML' substituted by `rgb' on input line 1355.
Package xcolor Info: Model `Hsb' substituted by `hsb' on input line 1356.
Package xcolor Info: Model `tHsb' substituted by `hsb' on input line 1357.
Package xcolor Info: Model `HSB' substituted by `hsb' on input line 1358.
Package xcolor Info: Model `Gray' substituted by `gray' on input line 1359.
Package xcolor Info: Model `wave' substituted by `hsb' on input line 1360.
)
(/usr/local/texlive/2015/texmf-dist/tex/latex/fancyvrb/fancyvrb.sty
Package: fancyvrb 2008/02/07

Style option: `fancyvrb' v2.7a, with DG/SPQR fixes, and firstline=lastline fix 
<2008/02/07> (tvz)
\FV@CodeLineNo=\count111
\FV@InFile=\read1
\FV@TabBox=\box34
\c@FancyVerbLine=\count112
\FV@StepNumber=\count113
\FV@OutFile=\write3
) (./footnotehyper-sphinx.sty
Package: footnotehyper-sphinx 2017/10/27 v1.7 hyperref aware footnote.sty for s
phinx (JFB)
\FNH@notes=\box35
\FNH@width=\dimen134
)
(/usr/local/texlive/2015/texmf-dist/tex/latex/float/float.sty
Package: float 2001/11/08 v1.3d Float enhancements (AL)
\c@float@type=\count114
\float@exts=\toks25
\float@box=\box36
\@float@everytoks=\toks26
\@floatcapt=\box37
)
(/usr/local/texlive/2015/texmf-dist/tex/latex/wrapfig/wrapfig.sty
\wrapoverhang=\dimen135
\WF@size=\dimen136
\c@WF@wrappedlines=\count115
\WF@box=\box38
\WF@everypar=\toks27
Package: wrapfig 2003/01/31  v 3.6
)
(/usr/local/texlive/2015/texmf-dist/tex/latex/parskip/parskip.sty
Package: parskip 2001/04/09 non-zero parskip adjustments
)
(/usr/local/texlive/2015/texmf-dist/tex/latex/base/alltt.sty
Package: alltt 1997/06/16 v2.0g defines alltt environment
)
(/usr/local/texlive/2015/texmf-dist/tex/latex/upquote/upquote.sty
Package: upquote 2012/04/19 v1.3 upright-quote and grave-accent glyphs in verba
tim
)
(/usr/local/texlive/2015/texmf-dist/tex/latex/capt-of/capt-of.sty
Package: capt-of 2009/12/29 v0.2 standard captions outside of floats
)
(/usr/local/texlive/2015/texmf-dist/tex/latex/needspace/needspace.sty
Package: needspace 2010/09/12 v1.3d reserve vertical space
)
(/usr/local/texlive/2015/texmf-dist/tex/latex/carlisle/remreset.sty)
(./sphinxhighlight.sty
Package: sphinxhighlight 2016/05/29 stylesheet for highlighting with pygments
)
(/usr/local/texlive/2015/texmf-dist/tex/latex/oberdiek/kvoptions.sty
Package: kvoptions 2011/06/30 v3.11 Key value format for package options (HO)

(/usr/local/texlive/2015/texmf-dist/tex/generic/oberdiek/kvsetkeys.sty
Package: kvsetkeys 2012/04/25 v1.16 Key value parser (HO)

(/usr/local/texlive/2015/texmf-dist/tex/generic/oberdiek/etexcmds.sty
Package: etexcmds 2011/02/16 v1.5 Avoid name clashes with e-TeX commands (HO)

(/usr/local/texlive/2015/texmf-dist/tex/generic/oberdiek/ifluatex.sty
Package: ifluatex 2010/03/01 v1.3 Provides the ifluatex switch (HO)
Package ifluatex Info: LuaTeX not detected.
)
Package etexcmds Info: Could not find \expanded.
(etexcmds)             That can mean that you are not using pdfTeX 1.50 or
(etexcmds)             that some package has redefined \expanded.
(etexcmds)             In the latter case, load this package earlier.
)))
\sphinxverbatimsep=\dimen137
\sphinxverbatimborder=\dimen138
\sphinxshadowsep=\dimen139
\sphinxshadowsize=\dimen140
\sphinxshadowrule=\dimen141
\spx@notice@border=\dimen142
\spx@image@box=\box39
\c@literalblock=\count116
\sphinxcontinuationbox=\box40
\sphinxvisiblespacebox=\box41
\sphinxVerbatim@TitleBox=\box42
\py@argswidth=\skip71
\lineblockindentation=\skip72
\DUlineblockindent=\skip73
)
(/usr/local/texlive/2015/texmf-dist/tex/latex/geometry/geometry.sty
Package: geometry 2010/09/12 v5.6 Page Geometry

(/usr/local/texlive/2015/texmf-dist/tex/generic/oberdiek/ifpdf.sty
Package: ifpdf 2011/01/30 v2.3 Provides the ifpdf switch (HO)
Package ifpdf Info: pdfTeX in PDF mode is detected.
)
(/usr/local/texlive/2015/texmf-dist/tex/generic/oberdiek/ifvtex.sty
Package: ifvtex 2010/03/01 v1.5 Detect VTeX and its facilities (HO)
Package ifvtex Info: VTeX not detected.
)
(/usr/local/texlive/2015/texmf-dist/tex/generic/ifxetex/ifxetex.sty
Package: ifxetex 2010/09/12 v0.6 Provides ifxetex conditional
)
\Gm@cnth=\count117
\Gm@cntv=\count118
\c@Gm@tempcnt=\count119
\Gm@bindingoffset=\dimen143
\Gm@wd@mp=\dimen144
\Gm@odd@mp=\dimen145
\Gm@even@mp=\dimen146
\Gm@layoutwidth=\dimen147
\Gm@layoutheight=\dimen148
\Gm@layouthoffset=\dimen149
\Gm@layoutvoffset=\dimen150
\Gm@dimlist=\toks28
)
(/usr/local/texlive/2015/texmf-dist/tex/latex/hyperref/hyperref.sty
Package: hyperref 2012/11/06 v6.83m Hypertext links for LaTeX

(/usr/local/texlive/2015/texmf-dist/tex/generic/oberdiek/hobsub-hyperref.sty
Package: hobsub-hyperref 2012/05/28 v1.13 Bundle oberdiek, subset hyperref (HO)


(/usr/local/texlive/2015/texmf-dist/tex/generic/oberdiek/hobsub-generic.sty
Package: hobsub-generic 2012/05/28 v1.13 Bundle oberdiek, subset generic (HO)
Package: hobsub 2012/05/28 v1.13 Construct package bundles (HO)
Package hobsub Info: Skipping package `infwarerr' (already loaded).
Package hobsub Info: Skipping package `ltxcmds' (already loaded).
Package hobsub Info: Skipping package `ifluatex' (already loaded).
Package hobsub Info: Skipping package `ifvtex' (already loaded).
Package: intcalc 2007/09/27 v1.1 Expandable calculations with integers (HO)
Package hobsub Info: Skipping package `ifpdf' (already loaded).
Package hobsub Info: Skipping package `etexcmds' (already loaded).
Package hobsub Info: Skipping package `kvsetkeys' (already loaded).
Package: kvdefinekeys 2011/04/07 v1.3 Define keys (HO)
Package: pdftexcmds 2011/11/29 v0.20 Utility functions of pdfTeX for LuaTeX (HO
)
Package pdftexcmds Info: LuaTeX not detected.
Package pdftexcmds Info: \pdf@primitive is available.
Package pdftexcmds Info: \pdf@ifprimitive is available.
Package pdftexcmds Info: \pdfdraftmode found.
Package: pdfescape 2011/11/25 v1.13 Implements pdfTeX's escape features (HO)
Package: bigintcalc 2012/04/08 v1.3 Expandable calculations on big integers (HO
)
Package: bitset 2011/01/30 v1.1 Handle bit-vector datatype (HO)
Package: uniquecounter 2011/01/30 v1.2 Provide unlimited unique counter (HO)
)
Package hobsub Info: Skipping package `hobsub' (already loaded).
Package: letltxmacro 2010/09/02 v1.4 Let assignment for LaTeX macros (HO)
Package: hopatch 2012/05/28 v1.2 Wrapper for package hooks (HO)
Package: xcolor-patch 2011/01/30 xcolor patch
Package: atveryend 2011/06/30 v1.8 Hooks at the very end of document (HO)
Package atveryend Info: \enddocument detected (standard20110627).
Package: atbegshi 2011/10/05 v1.16 At begin shipout hook (HO)
Package: refcount 2011/10/16 v3.4 Data extraction from label references (HO)
Package: hycolor 2011/01/30 v1.7 Color options for hyperref/bookmark (HO)
)
(/usr/local/texlive/2015/texmf-dist/tex/latex/oberdiek/auxhook.sty
Package: auxhook 2011/03/04 v1.3 Hooks for auxiliary files (HO)
)
\@linkdim=\dimen151
\Hy@linkcounter=\count120
\Hy@pagecounter=\count121

(/usr/local/texlive/2015/texmf-dist/tex/latex/hyperref/pd1enc.def
File: pd1enc.def 2012/11/06 v6.83m Hyperref: PDFDocEncoding definition (HO)
Now handling font encoding PD1 ...
... no UTF-8 mapping file for font encoding PD1
)
\Hy@SavedSpaceFactor=\count122

(/usr/local/texlive/2015/texmf-dist/tex/latex/latexconfig/hyperref.cfg
File: hyperref.cfg 2002/06/06 v1.2 hyperref configuration of TeXLive
)
Package hyperref Info: Option `unicode' set `true' on input line 4319.

(/usr/local/texlive/2015/texmf-dist/tex/latex/hyperref/puenc.def
File: puenc.def 2012/11/06 v6.83m Hyperref: PDF Unicode definition (HO)
Now handling font encoding PU ...
... no UTF-8 mapping file for font encoding PU
)
Package hyperref Info: Option `colorlinks' set `true' on input line 4319.
Package hyperref Info: Option `breaklinks' set `true' on input line 4319.
Package hyperref Info: Hyper figures OFF on input line 4443.
Package hyperref Info: Link nesting OFF on input line 4448.
Package hyperref Info: Hyper index ON on input line 4451.
Package hyperref Info: Plain pages OFF on input line 4458.
Package hyperref Info: Backreferencing OFF on input line 4463.
Package hyperref Info: Implicit mode ON; LaTeX internals redefined.
Package hyperref Info: Bookmarks ON on input line 4688.
\c@Hy@tempcnt=\count123

(/usr/local/texlive/2015/texmf-dist/tex/latex/url/url.sty
\Urlmuskip=\muskip11
Package: url 2013/09/16  ver 3.4  Verb mode for urls, etc.
)
LaTeX Info: Redefining \url on input line 5041.
\XeTeXLinkMargin=\dimen152
\Fld@menulength=\count124
\Field@Width=\dimen153
\Fld@charsize=\dimen154
Package hyperref Info: Hyper figures OFF on input line 6295.
Package hyperref Info: Link nesting OFF on input line 6300.
Package hyperref Info: Hyper index ON on input line 6303.
Package hyperref Info: backreferencing OFF on input line 6310.
Package hyperref Info: Link coloring ON on input line 6313.
Package hyperref Info: Link coloring with OCG OFF on input line 6320.
Package hyperref Info: PDF/A mode OFF on input line 6325.
LaTeX Info: Redefining \ref on input line 6365.
LaTeX Info: Redefining \pageref on input line 6369.
\Hy@abspage=\count125
\c@Item=\count126
\c@Hfootnote=\count127
)

Package hyperref Message: Driver (autodetected): hpdftex.

(/usr/local/texlive/2015/texmf-dist/tex/latex/hyperref/hpdftex.def
File: hpdftex.def 2012/11/06 v6.83m Hyperref driver for pdfTeX
\Fld@listcount=\count128
\c@bookmark@seq@number=\count129

(/usr/local/texlive/2015/texmf-dist/tex/latex/oberdiek/rerunfilecheck.sty
Package: rerunfilecheck 2011/04/15 v1.7 Rerun checks for auxiliary files (HO)
Package uniquecounter Info: New unique counter `rerunfilecheck' on input line 2
82.
)
\Hy@SectionHShift=\skip74
)
(/usr/local/texlive/2015/texmf-dist/tex/latex/oberdiek/hypcap.sty
Package: hypcap 2011/02/16 v1.11 Adjusting the anchors of captions (HO)
)
\@indexfile=\write4
\openout4 = `Readthedocs.idx'.


Writing index file Readthedocs.idx
(./Readthedocs.aux)
\openout1 = `Readthedocs.aux'.

LaTeX Font Info:    Checking defaults for OML/cmm/m/it on input line 66.
LaTeX Font Info:    ... okay on input line 66.
LaTeX Font Info:    Checking defaults for T1/cmr/m/n on input line 66.
LaTeX Font Info:    ... okay on input line 66.
LaTeX Font Info:    Checking defaults for OT1/cmr/m/n on input line 66.
LaTeX Font Info:    ... okay on input line 66.
LaTeX Font Info:    Checking defaults for OMS/cmsy/m/n on input line 66.
LaTeX Font Info:    ... okay on input line 66.
LaTeX Font Info:    Checking defaults for OMX/cmex/m/n on input line 66.
LaTeX Font Info:    ... okay on input line 66.
LaTeX Font Info:    Checking defaults for U/cmr/m/n on input line 66.
LaTeX Font Info:    ... okay on input line 66.
LaTeX Font Info:    Checking defaults for TS1/cmr/m/n on input line 66.
LaTeX Font Info:    Try loading font information for TS1+cmr on input line 66.

(/usr/local/texlive/2015/texmf-dist/tex/latex/base/ts1cmr.fd
File: ts1cmr.fd 2014/09/29 v2.5h Standard LaTeX font definitions
)
LaTeX Font Info:    ... okay on input line 66.
LaTeX Font Info:    Checking defaults for PD1/pdf/m/n on input line 66.
LaTeX Font Info:    ... okay on input line 66.
LaTeX Font Info:    Checking defaults for PU/pdf/m/n on input line 66.
LaTeX Font Info:    ... okay on input line 66.
LaTeX Font Info:    Try loading font information for T1+ptm on input line 66.

(/usr/local/texlive/2015/texmf-dist/tex/latex/psnfss/t1ptm.fd
File: t1ptm.fd 2001/06/04 font definitions for T1/ptm.
)
(/usr/local/texlive/2015/texmf-dist/tex/context/base/supp-pdf.mkii
[Loading MPS to PDF converter (version 2006.09.02).]
\scratchcounter=\count130
\scratchdimen=\dimen155
\scratchbox=\box43
\nofMPsegments=\count131
\nofMParguments=\count132
\everyMPshowfont=\toks29
\MPscratchCnt=\count133
\MPscratchDim=\dimen156
\MPnumerator=\count134
\makeMPintoPDFobject=\count135
\everyMPtoPDFconversion=\toks30
) (/usr/local/texlive/2015/texmf-dist/tex/latex/oberdiek/epstopdf-base.sty
Package: epstopdf-base 2010/02/09 v2.5 Base part for package epstopdf

(/usr/local/texlive/2015/texmf-dist/tex/latex/oberdiek/grfext.sty
Package: grfext 2010/08/19 v1.1 Manage graphics extensions (HO)
)
Package grfext Info: Graphics extension search list:
(grfext)             [.png,.pdf,.jpg,.mps,.jpeg,.jbig2,.jb2,.PNG,.PDF,.JPG,.JPE
G,.JBIG2,.JB2,.eps]
(grfext)             \AppendGraphicsExtensions on input line 452.

(/usr/local/texlive/2015/texmf-dist/tex/latex/latexconfig/epstopdf-sys.cfg
File: epstopdf-sys.cfg 2010/07/13 v1.3 Configuration of (r)epstopdf for TeX Liv
e
))
*geometry* driver: auto-detecting
*geometry* detected driver: pdftex
*geometry* verbose mode - [ preamble ] result:
* driver: pdftex
* paper: letterpaper
* layout: <same size as paper>
* layoutoffset:(h,v)=(0.0pt,0.0pt)
* modes: twoside 
* h-part:(L,W,R)=(72.26999pt, 469.75502pt, 72.26999pt)
* v-part:(T,H,B)=(72.26999pt, 650.43001pt, 72.26999pt)
* \paperwidth=614.295pt
* \paperheight=794.96999pt
* \textwidth=469.75502pt
* \textheight=650.43001pt
* \oddsidemargin=0.0pt
* \evensidemargin=0.0pt
* \topmargin=-37.0pt
* \headheight=12.0pt
* \headsep=25.0pt
* \topskip=10.0pt
* \footskip=30.0pt
* \marginparwidth=36.135pt
* \marginparsep=11.0pt
* \columnsep=10.0pt
* \skip\footins=9.0pt plus 4.0pt minus 2.0pt
* \hoffset=0.0pt
* \voffset=0.0pt
* \mag=1000
* \@twocolumnfalse
* \@twosidetrue
* \@mparswitchtrue
* \@reversemarginfalse
* (1in=72.27pt=25.4mm, 1cm=28.453pt)

\AtBeginShipoutBox=\box44
Package hyperref Info: Link coloring ON on input line 66.
(/usr/local/texlive/2015/texmf-dist/tex/latex/hyperref/nameref.sty
Package: nameref 2012/10/27 v2.43 Cross-referencing by name of section

(/usr/local/texlive/2015/texmf-dist/tex/generic/oberdiek/gettitlestring.sty
Package: gettitlestring 2010/12/03 v1.4 Cleanup title references (HO)
)
\c@section@level=\count136
)
LaTeX Info: Redefining \ref on input line 66.
LaTeX Info: Redefining \pageref on input line 66.
LaTeX Info: Redefining \nameref on input line 66.

(./Readthedocs.out) (./Readthedocs.out)
\@outlinefile=\write5
\openout5 = `Readthedocs.out'.

Package hyperref Info: Option `pageanchor' set `false' on input line 69.
LaTeX Font Info:    Try loading font information for T1+phv on input line 69.

(/usr/local/texlive/2015/texmf-dist/tex/latex/psnfss/t1phv.fd
File: t1phv.fd 2001/06/04 scalable font definitions for T1/phv.
)
LaTeX Font Info:    Font shape `T1/phv/bx/n' in size <10> not available
(Font)              Font shape `T1/phv/b/n' tried instead on input line 69.
LaTeX Font Info:    Font shape `T1/phv/bx/n' in size <24.88> not available
(Font)              Font shape `T1/phv/b/n' tried instead on input line 69.
LaTeX Font Info:    Font shape `T1/phv/bx/it' in size <10> not available
(Font)              Font shape `T1/phv/b/it' tried instead on input line 69.
LaTeX Font Info:    Font shape `T1/phv/b/it' in size <10> not available
(Font)              Font shape `T1/phv/b/sl' tried instead on input line 69.
LaTeX Font Info:    Font shape `T1/phv/bx/it' in size <17.28> not available
(Font)              Font shape `T1/phv/b/it' tried instead on input line 69.
LaTeX Font Info:    Font shape `T1/phv/b/it' in size <17.28> not available
(Font)              Font shape `T1/phv/b/sl' tried instead on input line 69.
LaTeX Font Info:    Font shape `T1/phv/bx/n' in size <17.28> not available
(Font)              Font shape `T1/phv/b/n' tried instead on input line 69.
<<ot1.cmap>><<oml.cmap>><<oms.cmap>><<omx.cmap>>
LaTeX Font Info:    Try loading font information for U+msa on input line 69.

(/usr/local/texlive/2015/texmf-dist/tex/latex/amsfonts/umsa.fd
File: umsa.fd 2013/01/14 v3.01 AMS symbols A
)
LaTeX Font Info:    Try loading font information for U+msb on input line 69.

(/usr/local/texlive/2015/texmf-dist/tex/latex/amsfonts/umsb.fd
File: umsb.fd 2013/01/14 v3.01 AMS symbols B
)
LaTeX Font Info:    Font shape `T1/phv/bx/n' in size <12> not available
(Font)              Font shape `T1/phv/b/n' tried instead on input line 69.
 [1

{/usr/local/texlive/2015/texmf-var/fonts/map/pdftex/updmap/pdftex.map}] [2

]
LaTeX Font Info:    Font shape `T1/phv/bx/n' in size <14.4> not available
(Font)              Font shape `T1/phv/b/n' tried instead on input line 69.

(./Readthedocs.toc
LaTeX Font Info:    Font shape `T1/ptm/bx/n' in size <10> not available
(Font)              Font shape `T1/ptm/b/n' tried instead on input line 2.
LaTeX Font Info:    Font shape `T1/ptm/bx/it' in size <10> not available
(Font)              Font shape `T1/ptm/b/it' tried instead on input line 71.
 [1

])
\tf@toc=\write6
\openout6 = `Readthedocs.toc'.

 [2] [1

] [2

]
Chapter 1.
[3] [4] [5] [6

]
Chapter 2.
[7]
Overfull \hbox (1089.60893pt too wide) in alignment at lines 573--576
 [] [] 
 []


Overfull \hbox (1089.60893pt too wide) in alignment at lines 576--582
 [] [] 
 []


Overfull \hbox (1089.60893pt too wide) in alignment at lines 582--586
 [] [] 
 []


Overfull \hbox (1089.60893pt too wide) in alignment at lines 586--588
 [] [] 
 []


Overfull \hbox (1089.60893pt too wide) in alignment at lines 588--797
 [] [] 
 []


Overfull \hbox (1089.60893pt too wide) in alignment at lines 797--1032
 [] [] 
 []


Overfull \hbox (1089.60893pt too wide) in alignment at lines 1032--1210
 [] [] 
 []

[8] [9] [10

]
Chapter 3.
LaTeX Font Info:    Try loading font information for TS1+ptm on input line 1267
.
(/usr/local/texlive/2015/texmf-dist/tex/latex/psnfss/ts1ptm.fd
File: ts1ptm.fd 2001/06/04 font definitions for TS1/ptm.
) [11]
<image1.png, id=496, 526.96875pt x 376.40625pt>
File: image1.png Graphic file (type png)
 <use image1.png>
Package pdftex.def Info: image1.png used on input line 1327.
(pdftex.def)             Requested size: 436.18585pt x 311.30286pt.
 [12 <./image1.png>] [13] [14] [15] [16

]
Chapter 4.
[17] [18] <image24.png, id=545, 1128.215pt x 798.985pt>
LaTeX Font Info:    Try loading font information for T1+pcr on input line 1784.


(/usr/local/texlive/2015/texmf-dist/tex/latex/psnfss/t1pcr.fd
File: t1pcr.fd 2001/06/04 font definitions for T1/pcr.
)
File: image24.png Graphic file (type png)

<use image24.png>
Package pdftex.def Info: image24.png used on input line 1784.
(pdftex.def)             Requested size: 469.75502pt x 332.66983pt.
 [19 <./image24.png>] [20] [21]
LaTeX Font Info:    Font shape `T1/pcr/bx/n' in size <8> not available
(Font)              Font shape `T1/pcr/b/n' tried instead on input line 2248.
LaTeX Font Info:    Font shape `T1/pcr/m/it' in size <8> not available
(Font)              Font shape `T1/pcr/m/sl' tried instead on input line 2250.
LaTeX Font Info:    Try loading font information for TS1+pcr on input line 2252
.

(/usr/local/texlive/2015/texmf-dist/tex/latex/psnfss/ts1pcr.fd
File: ts1pcr.fd 2001/06/04 font definitions for TS1/pcr.
)
Package hyperref Info: bookmark level for unknown literalblock defaults to 0 on
 input line 2289.
LaTeX Font Info:    Font shape `T1/pcr/m/it' in size <9> not available
(Font)              Font shape `T1/pcr/m/sl' tried instead on input line 2290.
 [22] [23]
[24]
LaTeX Font Info:    Font shape `T1/pcr/bx/n' in size <9> not available
(Font)              Font shape `T1/pcr/b/n' tried instead on input line 2475.
 [25] [26] [27]
LaTeX Font Info:    Font shape `T1/ptm/bx/n' in size <8> not available
(Font)              Font shape `T1/ptm/b/n' tried instead on input line 3199.
 [28]
Underfull \hbox (badness 10000) in paragraph at lines 3514--3514
[]\T1/phv/m/n/10 Res-i-
 []


Underfull \hbox (badness 10000) in paragraph at lines 3514--3514
[]\T1/phv/m/n/10 Gen-
 []


Overfull \hbox (2.26953pt too wide) in paragraph at lines 3514--3514
[]\T1/phv/m/n/10 Weight| 
 []


Underfull \hbox (badness 10000) in paragraph at lines 3514--3514
[]\T1/phv/m/n/10 SUDA
 []


Underfull \hbox (badness 10000) in paragraph at lines 3514--3514
[]\T1/phv/m/n/10 DIS-
 []


Underfull \hbox (badness 10000) in paragraph at lines 3514--3514
[]\T1/ptm/m/n/10 Sec-ondary in-com-
 []


Underfull \hbox (badness 10000) in paragraph at lines 3514--3514
[]\T1/ptm/m/n/10 Sec-ondary in-com-
 []


Underfull \hbox (badness 10000) in paragraph at lines 3514--3514
[]\T1/ptm/m/n/10 Un-em-
 []


Underfull \hbox (badness 10000) in paragraph at lines 3514--3514
[]\T1/ptm/m/n/10 Un-em-
 []


Underfull \hbox (badness 10000) in paragraph at lines 3514--3514
[]\T1/ptm/m/n/10 Sec-ondary in-com-
 []


Underfull \hbox (badness 10000) in paragraph at lines 3514--3514
[]\T1/ptm/m/n/10 Sec-ondary in-com-
 []

[29]
LaTeX Font Info:    Font shape `T1/phv/bx/it' in size <12> not available
(Font)              Font shape `T1/phv/b/it' tried instead on input line 3546.
LaTeX Font Info:    Font shape `T1/phv/b/it' in size <12> not available
(Font)              Font shape `T1/phv/b/sl' tried instead on input line 3546.
 [30] <image2.png, id=733, 481.8pt x 385.44pt>
File: image2.png Graphic file (type png)
 <use image2.png>
Package pdftex.def Info: image2.png used on input line 3626.
(pdftex.def)             Requested size: 469.75502pt x 375.81718pt.
 [31 <./image2.png>] [32] [33] [34] [35] [36]
Chapter 5.
[37

]
Underfull \hbox (badness 10000) in paragraph at lines 4134--4134
[]\T1/phv/m/n/10 Clas-si-fi-ca-tion of SDC
 []


Underfull \hbox (badness 10000) in paragraph at lines 2--4134
[][][]\T1/ptm/m/n/10 lo-cal-Sup-pres-sion[][], lo-cal-
 []

[38]
Underfull \hbox (badness 10000) in paragraph at lines 4481--4482
[]
 []


Overfull \hbox (4.08875pt too wide) in paragraph at lines 4481--4482
\T1/phv/m/n/10 Number
 []


Underfull \hbox (badness 10000) in paragraph at lines 4497--4498
[]
 []


Overfull \hbox (5.61876pt too wide) in paragraph at lines 4497--4498
\T1/phv/m/n/10 Possible 
 []

[39] [40] <image3.png, id=831, 803.0pt x 401.5pt>
File: image3.png Graphic file (type png)
 <use image3.png>
Package pdftex.def Info: image3.png used on input line 4665.
(pdftex.def)             Requested size: 469.7715pt x 235.28395pt.
 [41 <./image3.png>] <image4.png, id=837, 803.0pt x 401.5pt>
File: image4.png Graphic file (type png)
 <use image4.png>
Package pdftex.def Info: image4.png used on input line 4699.
(pdftex.def)             Requested size: 469.7715pt x 235.28395pt.

<image5.png, id=838, 803.0pt x 401.5pt>
File: image5.png Graphic file (type png)
 <use image5.png>
Package pdftex.def Info: image5.png used on input line 4726.
(pdftex.def)             Requested size: 469.7715pt x 235.28395pt.
 [42 <./image4.png>]
[43 <./image5.png>] <image6.png, id=851, 803.0pt x 401.5pt>
File: image6.png Graphic file (type png)
 <use image6.png>
Package pdftex.def Info: image6.png used on input line 4857.
(pdftex.def)             Requested size: 469.7715pt x 235.28395pt.

[44] [45 <./image6.png>]
Underfull \hbox (badness 10000) in paragraph at lines 5011--5013
[]
 []


Overfull \hbox (30.55875pt too wide) in paragraph at lines 5011--5013
\T1/ptm/m/n/10 NA/miss
 []


Overfull \hbox (8.12923pt too wide) in paragraph at lines 5011--5013
\T1/ptm/m/n/10 ing 
 []

[46] [47] <image7.png, id=882, 803.0pt x 401.5pt>
File: image7.png Graphic file (type png)
 <use image7.png>
Package pdftex.def Info: image7.png used on input line 5262.
(pdftex.def)             Requested size: 469.7715pt x 235.28395pt.
 [48 <./image7.png>]
Underfull \hbox (badness 10000) in paragraph at lines 5416--5416
[]\T1/phv/m/n/10 Im-por-tance
 []


Underfull \hbox (badness 10000) in paragraph at lines 5416--5416
[]\T1/phv/m/n/10 Run-ning
 []


Underfull \hbox (badness 10000) in paragraph at lines 5416--5416
[]\T1/ptm/m/n/10 em-ploy-men t
 []


Underfull \hbox (badness 10000) in paragraph at lines 5416--5416
[]\T1/ptm/m/n/10 em-ploy-men t
 []

[49]

Package varwidth Warning: Failed to reprocess entire contents on input line 552
4.


Package varwidth Warning: Failed to reprocess entire contents on input line 552
4.


Underfull \hbox (badness 10000) in paragraph at lines 5527--5532
[]|\T1/phv/m/n/10 Total num-
 []


Underfull \hbox (badness 10000) in paragraph at lines 5527--5532
\T1/phv/m/n/10 ber of
 []


Underfull \hbox (badness 10000) in paragraph at lines 5535--5539
[]\T1/phv/m/n/10 time (sec-
 []


Underfull \hbox (badness 10000) in paragraph at lines 5554--5555
[]|\T1/ptm/m/it/10 before lo-cal
 []

[50] [51] [52] [53] [54] [55] [56] [57] [58] [59]
<image8.png, id=958, 1284.8pt x 642.4pt>
File: image8.png Graphic file (type png)
 <use image8.png>
Package pdftex.def Info: image8.png used on input line 7044.
(pdftex.def)             Requested size: 468.99712pt x 234.12607pt.
 [60 <./image8.png>]
<image9.png, id=968, 1284.8pt x 642.4pt>
File: image9.png Graphic file (type png)
 <use image9.png>
Package pdftex.def Info: image9.png used on input line 7123.
(pdftex.def)             Requested size: 468.99712pt x 234.12607pt.
 [61 <./image9.png>]
<image10.png, id=974, 1284.8pt x 642.4pt>
File: image10.png Graphic file (type png)
 <use image10.png>
Package pdftex.def Info: image10.png used on input line 7164.
(pdftex.def)             Requested size: 468.99712pt x 234.12607pt.
 [62 <./image10.png>] [63] [64] [65] [66] [67] [68

]
Chapter 6.
[69] <image11.png, id=1034, 803.0pt x 401.5pt>
File: image11.png Graphic file (type png)
 <use image11.png>
Package pdftex.def Info: image11.png used on input line 7789.
(pdftex.def)             Requested size: 469.7715pt x 235.28395pt.
 [70 <./image11.png>]
LaTeX Font Info:    Font shape `TS1/pcr/m/it' in size <9> not available
(Font)              Font shape `TS1/pcr/m/sl' tried instead on input line 7889.

 [71] [72] [73] [74] [75] [76] [77] [78]
<image12.png, id=1097, 1284.8pt x 642.4pt>
File: image12.png Graphic file (type png)
 <use image12.png>
Package pdftex.def Info: image12.png used on input line 8389.
(pdftex.def)             Requested size: 468.99712pt x 234.87103pt.
LaTeX Font Info:    Font shape `T1/phv/bx/it' in size <14.4> not available
(Font)              Font shape `T1/phv/b/it' tried instead on input line 8395.
LaTeX Font Info:    Font shape `T1/phv/b/it' in size <14.4> not available
(Font)              Font shape `T1/phv/b/sl' tried instead on input line 8395.


Package hyperref Warning: Token not allowed in a PDF string (Unicode):
(hyperref)                removing `\sphinxstyleemphasis' on input line 8395.

[79 <./image12.png>] <image13.png, id=1108, 1284.8pt x 642.4pt>
File: image13.png Graphic file (type png)

<use image13.png>
Package pdftex.def Info: image13.png used on input line 8478.
(pdftex.def)             Requested size: 468.99712pt x 234.12607pt.
 <image14.png, id=1109, 1284.8pt x 642.4pt>
File: image14.png Graphic file (type png)
 <use image14.png>
Package pdftex.def Info: image14.png used on input line 8482.
(pdftex.def)             Requested size: 468.99712pt x 234.12607pt.

[80 <./image13.png>] <image15.png, id=1117, 1284.8pt x 642.4pt>
File: image15.png Graphic file (type png)

<use image15.png>
Package pdftex.def Info: image15.png used on input line 8504.
(pdftex.def)             Requested size: 468.99712pt x 234.87103pt.
 [81 <./image14.png> <./image15.png>]
<image16.png, id=1128, 1284.8pt x 642.4pt>
File: image16.png Graphic file (type png)
 <use image16.png>
Package pdftex.def Info: image16.png used on input line 8557.
(pdftex.def)             Requested size: 468.99712pt x 234.12607pt.
 [82]
<image17.png, id=1134, 803.0pt x 401.5pt>
File: image17.png Graphic file (type png)
 <use image17.png>
Package pdftex.def Info: image17.png used on input line 8667.
(pdftex.def)             Requested size: 469.7715pt x 235.28395pt.
 [83 <./image16.png>] <image18.png, id=1144, 803.0pt x 401.5pt>
File: image18.png Graphic file (type png)
 <use image18.png>
Package pdftex.def Info: image18.png used on input line 8709.
(pdftex.def)             Requested size: 469.7715pt x 234.88573pt.
 [84 <./image17.png>] <image19.png, id=1150, 803.0pt x 401.5pt>
File: image19.png Graphic file (type png)
 <use image19.png>
Package pdftex.def Info: image19.png used on input line 8714.
(pdftex.def)             Requested size: 469.7715pt x 234.88573pt.
 [85 <./image18.png> <./image19.png>] [86]
Chapter 7.

Package hyperref Warning: Token not allowed in a PDF string (Unicode):
(hyperref)                removing `\sphinxstyleemphasis' on input line 8759.


Package hyperref Warning: Token not allowed in a PDF string (Unicode):
(hyperref)                removing `\sphinxstyleemphasis' on input line 8759.


Package hyperref Warning: Token not allowed in a PDF string (Unicode):
(hyperref)                removing `\sphinxstyleemphasis' on input line 8762.


Package hyperref Warning: Token not allowed in a PDF string (Unicode):
(hyperref)                removing `\sphinxstyleemphasis' on input line 8762.


Package hyperref Warning: Token not allowed in a PDF string (Unicode):
(hyperref)                removing `\sphinxstyleemphasis' on input line 8814.

[87

] [88]

Package hyperref Warning: Token not allowed in a PDF string (Unicode):
(hyperref)                removing `\sphinxstyleemphasis' on input line 8996.

[89]

Package hyperref Warning: Token not allowed in a PDF string (Unicode):
(hyperref)                removing `\sphinxstyleemphasis' on input line 9037.

[90] [91] [92] [93]

Package hyperref Warning: Token not allowed in a PDF string (Unicode):
(hyperref)                removing `\sphinxstylestrong' on input line 9450.

[94] [95]

Package hyperref Warning: Token not allowed in a PDF string (Unicode):
(hyperref)                removing `\sphinxstylestrong' on input line 9598.


Overfull \hbox (10.2495pt too wide) in paragraph at lines 9666--9667
[]
 []


Overfull \hbox (27.46947pt too wide) in paragraph at lines 9666--9667
\T1/ptm/m/n/10 Hou 
 []


Underfull \hbox (badness 10000) in paragraph at lines 9669--9672
[]\T1/ptm/m/n/10 sehol d
 []


Overfull \hbox (10.2495pt too wide) in paragraph at lines 9674--9675
[]
 []


Overfull \hbox (26.20946pt too wide) in paragraph at lines 9674--9675
\T1/ptm/m/n/10 Reg 
 []


Overfull \hbox (10.2495pt too wide) in paragraph at lines 9680--9681
[]
 []


Overfull \hbox (24.13925pt too wide) in paragraph at lines 9680--9681
\T1/ptm/m/n/10 Dis 
 []


Overfull \hbox (10.2495pt too wide) in paragraph at lines 9686--9687
[]
 []


Overfull \hbox (26.35936pt too wide) in paragraph at lines 9686--9687
\T1/ptm/m/n/10 Ran 
 []


Underfull \hbox (badness 10000) in paragraph at lines 9689--9694
[]\T1/ptm/m/n/10 domiz
 []


Underfull \hbox (badness 10000) in paragraph at lines 9689--9694
\T1/ptm/m/n/10 hold
 []


Overfull \hbox (10.2495pt too wide) in paragraph at lines 9696--9697
[]
 []


Overfull \hbox (26.20946pt too wide) in paragraph at lines 9696--9697
\T1/ptm/m/n/10 Reg 
 []


Overfull \hbox (10.2495pt too wide) in paragraph at lines 9702--9703
[]
 []


Overfull \hbox (24.13925pt too wide) in paragraph at lines 9702--9703
\T1/ptm/m/n/10 Dis 
 []


Overfull \hbox (10.2495pt too wide) in paragraph at lines 9708--9709
[]
 []


Overfull \hbox (26.35936pt too wide) in paragraph at lines 9708--9709
\T1/ptm/m/n/10 Ran 
 []


Underfull \hbox (badness 10000) in paragraph at lines 9711--9716
[]\T1/ptm/m/n/10 domiz
 []


Underfull \hbox (badness 10000) in paragraph at lines 9711--9716
\T1/ptm/m/n/10 hold
 []


Overfull \hbox (10.2495pt too wide) in paragraph at lines 9718--9719
[]
 []


Overfull \hbox (26.20946pt too wide) in paragraph at lines 9718--9719
\T1/ptm/m/n/10 Reg 
 []


Overfull \hbox (10.2495pt too wide) in paragraph at lines 9724--9725
[]
 []


Overfull \hbox (24.13925pt too wide) in paragraph at lines 9724--9725
\T1/ptm/m/n/10 Dis 
 []

[96] [97]
Overfull \hbox (15.46455pt too wide) in paragraph at lines 10213--10214
[]
 []


Overfull \hbox (27.69441pt too wide) in paragraph at lines 10213--10214
\T1/phv/m/n/10 Sa 
 []


Underfull \hbox (badness 10000) in paragraph at lines 10216--10218
[]\T1/phv/m/n/10 mple
 []


Overfull \hbox (15.46455pt too wide) in paragraph at lines 10243--10244
[]
 []


Overfull \hbox (27.1944pt too wide) in paragraph at lines 10243--10244
\T1/phv/m/n/10 Pe 
 []


Underfull \hbox (badness 10000) in paragraph at lines 10246--10265
[]\T1/phv/m/n/10 rcen
 []


Underfull \hbox (badness 10000) in paragraph at lines 10246--10265
\T1/phv/m/n/10 obse
 []


Underfull \hbox (badness 10000) in paragraph at lines 10246--10265
\T1/phv/m/n/10 rvat
 []


Underfull \hbox (badness 10000) in paragraph at lines 10246--10265
\T1/phv/m/n/10 ions
 []


Underfull \hbox (badness 10000) in paragraph at lines 10246--10265
\T1/phv/m/n/10 viol
 []


Underfull \hbox (badness 10000) in paragraph at lines 10246--10265
\T1/phv/m/n/10 atin g
 []


Underfull \hbox (badness 10000) in paragraph at lines 10246--10265
\T1/phv/m/n/10 ymit y
 []


Underfull \hbox (badness 10000) in paragraph at lines 10246--10265
\T1/phv/m/n/10 anon
 []


Underfull \hbox (badness 10000) in paragraph at lines 10246--10265
\T1/phv/m/n/10 ymiz
 []


Underfull \hbox (badness 10000) in paragraph at lines 10281--10284
[]|\T1/ptm/m/n/10 Occu
 []


Underfull \hbox (badness 10000) in paragraph at lines 10285--10287
[]|\T1/ptm/m/n/10 Reli
 []

[98] [99] [100]
Chapter 8.
[101

] [102] [103] [104] [105] [106] [107]
<image20.png, id=1266, 487.06969pt x 657.95813pt>
File: image20.png Graphic file (type png)
 <use image20.png>
Package pdftex.def Info: image20.png used on input line 11223.
(pdftex.def)             Requested size: 473.5198pt x 621.83397pt.

Overfull \hbox (3.76479pt too wide) in paragraph at lines 11223--11224
[] 
 []

[108] [109 <./image20.png>] [110

]
Chapter 9.

Package hyperref Warning: Token not allowed in a PDF string (Unicode):
(hyperref)                removing `\sphinxstylestrong' on input line 11231.


Package hyperref Warning: Token not allowed in a PDF string (Unicode):
(hyperref)                removing `\sphinxstylestrong' on input line 11231.


Overfull \hbox (155.80948pt too wide) in alignment at lines 11234--11244
 [] [] [] [] 
 []


Overfull \hbox (155.80948pt too wide) in alignment at lines 11244--11257
 [] [] [] [] 
 []


Overfull \hbox (155.80948pt too wide) in alignment at lines 11257--11261
 [] [] [] [] 
 []


Overfull \hbox (155.80948pt too wide) in alignment at lines 11261--11263
 [] [] [] [] 
 []


Overfull \hbox (155.80948pt too wide) in alignment at lines 11263--11476
 [] [] [] [] 
 []


Overfull \hbox (155.80948pt too wide) in alignment at lines 11476--11685
 [] [] [] [] 
 []


Overfull \hbox (155.80948pt too wide) in alignment at lines 11685--11910
 [] [] [] [] 
 []

[111]
Overfull \hbox (155.80948pt too wide) in alignment at lines 11910--12001
 [] [] [] [] 
 []


Package hyperref Warning: Token not allowed in a PDF string (Unicode):
(hyperref)                removing `\sphinxstylestrong' on input line 12004.


Package hyperref Warning: Token not allowed in a PDF string (Unicode):
(hyperref)                removing `\sphinxstylestrong' on input line 12004.

[112] [113]

Package hyperref Warning: Token not allowed in a PDF string (Unicode):
(hyperref)                removing `\sphinxstylestrong' on input line 12169.


Package hyperref Warning: Token not allowed in a PDF string (Unicode):
(hyperref)                removing `\sphinxstylestrong' on input line 12169.


Package hyperref Warning: Token not allowed in a PDF string (Unicode):
(hyperref)                removing `\sphinxstylestrong' on input line 12169.


Underfull \hbox (badness 10000) in paragraph at lines 12177--12179
[]\T1/ptm/b/n/10 Appendix D: Ex-e-cu-tion Times for Mul-ti-ple Sce-nar-ios Test
ed us-ing Se-lected Sam-ple Data
 []

<image22.png, id=1314, 1660.2025pt x 2346.7675pt>
File: image22.png Graphic file (type png)
 <use image22.png>
Package pdftex.def Info: image22.png used on input line 12180.
(pdftex.def)             Requested size: 368.89359pt x 564.13094pt.
 [114]
[115 <./image22.png>] [116

]
Chapter 10.
[117] [118

]
Chapter 11.
[119] [120] [121] [122] [123] [124]
Chapter 12.
[125

] [126] [127]
Underfull \hbox (badness 10000) in paragraph at lines 12975--12977
[]|\T1/ptm/m/n/10 Area of res-i-
 []


Underfull \hbox (badness 10000) in paragraph at lines 12990--12995
[]|\T1/ptm/m/n/10 Individua l
 []


Underfull \hbox (badness 10000) in paragraph at lines 12990--12995
\T1/ptm/m/n/10 weight-ing
 []


Underfull \hbox (badness 10000) in paragraph at lines 13008--13013
[]|\T1/ptm/m/n/10 Populatio n
 []


Underfull \hbox (badness 10000) in paragraph at lines 13008--13013
\T1/ptm/m/n/10 weight-ing
 []


Underfull \hbox (badness 10000) in paragraph at lines 13031--13033
[]|\T1/ptm/m/n/10 semi-cont
 []


Underfull \hbox (badness 10000) in paragraph at lines 13088--13091
[]|\T1/ptm/m/n/10 Age in com-
 []


Underfull \hbox (badness 10000) in paragraph at lines 13094--13096
[]|\T1/ptm/m/n/10 semi-cont
 []


Underfull \hbox (badness 10000) in paragraph at lines 13115--13117
[]|\T1/ptm/m/n/10 semi-cont
 []


Underfull \hbox (badness 10000) in paragraph at lines 13125--13129
[]|\T1/ptm/m/n/10 Religion of
 []


Underfull \hbox (badness 10000) in paragraph at lines 13142--13146
[]|\T1/ptm/m/n/10 Ethnicity of
 []


Underfull \hbox (badness 10000) in paragraph at lines 13161--13165
[]|\T1/ptm/m/n/10 Language of
 []


Underfull \hbox (badness 10000) in paragraph at lines 13196--13200
[]|\T1/ptm/m/n/10 Child im-mu-
 []


Underfull \hbox (badness 10000) in paragraph at lines 13196--13200
\T1/ptm/m/n/10 nized against
 []


Underfull \hbox (badness 10000) in paragraph at lines 13227--13229
[]|\T1/ptm/m/n/10 CHWEIGHTK
 []


Underfull \hbox (badness 5832) in paragraph at lines 13230--13233
[]|\T1/ptm/m/n/10 Weight of the
 []


Underfull \hbox (badness 10000) in paragraph at lines 13244--13246
[]|\T1/ptm/m/n/10 CHHEIGHTC
 []


Underfull \hbox (badness 10000) in paragraph at lines 13263--13266
[]|\T1/ptm/m/n/10 Currently en-
 []


Underfull \hbox (badness 10000) in paragraph at lines 13279--13283
[]|\T1/ptm/m/n/10 Highest level
 []


Underfull \hbox (badness 10000) in paragraph at lines 13279--13283
\T1/ptm/m/n/10 of ed-u-ca-tion
 []


Underfull \hbox (badness 10000) in paragraph at lines 13301--13303
[]|\T1/ptm/m/n/10 semi-cont
 []


Underfull \hbox (badness 10000) in paragraph at lines 13309--13311
[]|\T1/ptm/m/n/10 EDYRSCURR
 []


Underfull \hbox (badness 7064) in paragraph at lines 13312--13317
[]|\T1/ptm/m/n/10 Years of ed-u-
 []


Underfull \hbox (badness 10000) in paragraph at lines 13320--13322
[]|\T1/ptm/m/n/10 semi-cont
 []


Underfull \hbox (badness 10000) in paragraph at lines 13391--13395
[]|\T1/ptm/m/n/10 Industry clas-
 []


Underfull \hbox (badness 10000) in paragraph at lines 13391--13395
\T1/ptm/m/n/10 sific ation
 []


Underfull \hbox (badness 10000) in paragraph at lines 13408--13412
[]|\T1/ptm/m/n/10 Employmen t
 []


Underfull \hbox (badness 10000) in paragraph at lines 13425--13427
[]|\T1/ptm/m/n/10 WHOURSLAS
 []


Underfull \hbox (badness 10000) in paragraph at lines 13428--13431
[]|\T1/ptm/m/n/10 Hours worked
 []


Underfull \hbox (badness 10000) in paragraph at lines 13444--13447
[]|\T1/ptm/m/n/10 Ownership of
 []


Underfull \hbox (badness 10000) in paragraph at lines 13460--13464
[]|\T1/ptm/m/n/10 Main ma-te-rial
 []


Underfull \hbox (badness 10000) in paragraph at lines 13508--13511
[]|\T1/ptm/m/n/10 Main cook-ing
 []


Underfull \hbox (badness 10000) in paragraph at lines 13540--13545
[]|\T1/ptm/m/n/10 Ownership of
 []


Underfull \hbox (badness 10000) in paragraph at lines 13540--13545
\T1/ptm/m/n/10 agri-cultu ral
 []


Underfull \hbox (badness 10000) in paragraph at lines 13559--13566
[]|\T1/ptm/m/n/10 Land size
 []


Underfull \hbox (badness 10000) in paragraph at lines 13559--13566
\T1/ptm/m/n/10 owned by
 []


Underfull \hbox (badness 6775) in paragraph at lines 13559--13566
\T1/ptm/m/n/10 house-hold (ha)
 []


Underfull \hbox (badness 10000) in paragraph at lines 13577--13579
[]|\T1/ptm/m/n/10 OWNMOTORC
 []


Underfull \hbox (badness 10000) in paragraph at lines 13580--13584
[]|\T1/ptm/m/n/10 Ownership of
 []


Underfull \hbox (badness 10000) in paragraph at lines 13597--13599
[]|\T1/ptm/m/n/10 Ownership of
 []


Underfull \hbox (badness 10000) in paragraph at lines 13612--13616
[]|\T1/ptm/m/n/10 Ownership of
 []


Underfull \hbox (badness 10000) in paragraph at lines 13629--13634
[]|\T1/ptm/m/n/10 Number of
 []


Underfull \hbox (badness 10000) in paragraph at lines 13629--13634
\T1/ptm/m/n/10 large-siz ed
 []


Underfull \hbox (badness 10000) in paragraph at lines 13637--13639
[]|\T1/ptm/m/n/10 semi-cont
 []


Underfull \hbox (badness 5475) in paragraph at lines 13647--13650
[]|\T1/ptm/m/n/10 Income ^^U Re-
 []


Underfull \hbox (badness 10000) in paragraph at lines 13679--13681
[]|\T1/ptm/m/n/10 INCBONSOC
 []


Underfull \hbox (badness 10000) in paragraph at lines 13682--13691
[]|\T1/ptm/m/n/10 Income -
 []


Underfull \hbox (badness 10000) in paragraph at lines 13682--13691
\T1/ptm/m/n/10 Bonuses and
 []


Underfull \hbox (badness 10000) in paragraph at lines 13703--13705
[]|\T1/ptm/m/n/10 INCFARMBS
 []


Underfull \hbox (badness 10000) in paragraph at lines 13706--13714
\T1/ptm/m/n/10 in-come from
 []


Underfull \hbox (badness 10000) in paragraph at lines 13726--13728
[]|\T1/ptm/m/n/10 INCNFARMB
 []


Underfull \hbox (badness 10000) in paragraph at lines 13729--13737
[]|\T1/ptm/m/n/10 Income -Gross
 []


Underfull \hbox (badness 10000) in paragraph at lines 13729--13737
\T1/ptm/m/n/10 in-come from
 []


Underfull \hbox (badness 7814) in paragraph at lines 13729--13737
\T1/ptm/m/n/10 farm busi-nesse
 []


Underfull \hbox (badness 10000) in paragraph at lines 13816--13818
[]|\T1/ptm/m/n/10 INCTOTGRO
 []

[128]
Underfull \hbox (badness 10000) in paragraph at lines 14083--14089
[]|\T1/ptm/m/n/10 Total an-nual
 []


Underfull \hbox (badness 7238) in paragraph at lines 14083--14089
\T1/ptm/m/n/10 hold ex-pen-ditu
 []

[129] [130] [131] [132] [133] [134] [135] [136] [137] [138] [139] [140]
[141]
Underfull \hbox (badness 10000) in paragraph at lines 15325--15329
[]\T1/ptm/m/n/10 sdcHH@manipNumVars$LANDSIZEHA[[][]sdcHH@manipNumVars$LANDSIZEH
A[][] > 1 &
 []


Overfull \hbox (112.86987pt too wide) in paragraph at lines 15325--15329
\T1/ptm/m/n/10 !\T1/ptm/b/n/10 is.na\T1/ptm/m/n/10 ([][]sdcHH@manipNumVars$LAND
SIZEHA[][])] <- \T1/ptm/b/n/10 round\T1/ptm/m/n/10 (sdcHH@manipNumVars$LANDSIZE
HA[[][]sdcHH@manipNumVars$LANDSIZEHA[][]
 []


Underfull \hbox (badness 10000) in paragraph at lines 15337--15340
[]\T1/ptm/m/n/10 sdcHH@manipNumVars$LANDSIZEHA[[][]sdcHH@manipNumVars$LANDSIZEH
A[][] >= 20 & [][]sd-
 []

[142] [143] [144] [145] <image21.png, id=1474, 803.0pt x 401.5pt>
File: image21.png Graphic file (type png)

<use image21.png>
Package pdftex.def Info: image21.png used on input line 16008.
(pdftex.def)             Requested size: 469.7715pt x 234.88573pt.
 [146 <./image21.png>]
Underfull \hbox (badness 10000) in paragraph at lines 16186--16186
[]\T1/phv/b/n/10 TCLTH
 []


Underfull \hbox (badness 10000) in paragraph at lines 16186--16186
[]\T1/phv/b/n/10 THOUS
 []


Underfull \hbox (badness 10000) in paragraph at lines 16186--16186
[]\T1/ptm/m/n/10 be-
 []


Underfull \hbox (badness 10000) in paragraph at lines 16186--16186
[]\T1/ptm/b/n/10 TTRAN
 []


Underfull \hbox (badness 10000) in paragraph at lines 16186--16186
[]\T1/ptm/b/n/10 TCOMM
 []


Underfull \hbox (badness 10000) in paragraph at lines 16186--16186
[]\T1/ptm/b/n/10 TRESH OT-
 []


Underfull \hbox (badness 10000) in paragraph at lines 16186--16186
[]\T1/ptm/b/n/10 TMISC
 []


Underfull \hbox (badness 10000) in paragraph at lines 16186--16186
[]\T1/ptm/m/n/10 be-
 []

[147] [148]
Underfull \hbox (badness 10000) in paragraph at lines 16364--16366
[]\T1/ptm/m/n/10 sdcCombined@manipKeyVars$AGEYRS[[][]sdcCombined@manipKeyVars$A
GEYRS[][] >= 0 & [][]sd-c-Com-
 []


Underfull \hbox (badness 10000) in paragraph at lines 16367--16369
[]\T1/ptm/m/n/10 sdcCombined@manipKeyVars$AGEYRS[[][]sdcCombined@manipKeyVars$A
GEYRS[][] >= 15 & [][]sd-c-Com-
 []


Underfull \hbox (badness 10000) in paragraph at lines 16372--16374
[]\T1/ptm/m/n/10 sdcCombined@manipKeyVars$AGEYRS[[][]sdcCombined@manipKeyVars$A
GEYRS[][] >= 55 & [][]sd-c-Com-
 []

[149] [150]
Underfull \hbox (badness 10000) in paragraph at lines 16524--16531
[]|\T1/phv/m/n/10 Loc al
 []


Underfull \hbox (badness 10000) in paragraph at lines 16524--16531
\T1/phv/m/n/10 suppr
 []


Underfull \hbox (badness 10000) in paragraph at lines 16524--16531
\T1/phv/m/n/10 es-sio n
 []


Overfull \hbox (3.02908pt too wide) in paragraph at lines 16532--16533
[]|\T1/phv/m/n/10 GENDER| 
 []


Overfull \hbox (2.38907pt too wide) in paragraph at lines 16536--16537
[]|\T1/phv/m/n/10 MARITAL| 
 []


Overfull \hbox (1.62904pt too wide) in paragraph at lines 16538--16539
[]|\T1/phv/m/n/10 AGEYRS| 
 []


Underfull \hbox (badness 10000) in paragraph at lines 16542--16544
[]
 []


Overfull \hbox (25.7093pt too wide) in paragraph at lines 16542--16544
\T1/phv/m/n/10 CURRAT 
 []


Underfull \hbox (badness 10000) in paragraph at lines 16547--16549
[]|\T1/phv/m/n/10 ATS
 []


Underfull \hbox (badness 10000) in paragraph at lines 16574--16578
[]|\T1/ptm/m/n/10 k = 2,
 []


Underfull \hbox (badness 10000) in paragraph at lines 16574--16578
\T1/ptm/m/n/10 imp on
 []

[151] [152] [153] [154]
Underfull \hbox (badness 10000) in paragraph at lines 16979--16981
[]
 []


Underfull \hbox (badness 10000) in paragraph at lines 17001--17003
[]
 []


Underfull \hbox (badness 10000) in paragraph at lines 17072--17074
[]|\T1/ptm/m/n/10 Area of res-i-
 []


Underfull \hbox (badness 10000) in paragraph at lines 17087--17092
[]|\T1/ptm/m/n/10 Individua l
 []


Underfull \hbox (badness 10000) in paragraph at lines 17087--17092
\T1/ptm/m/n/10 weight-ing
 []


Underfull \hbox (badness 10000) in paragraph at lines 17105--17110
[]|\T1/ptm/m/n/10 Populatio n
 []


Underfull \hbox (badness 10000) in paragraph at lines 17105--17110
\T1/ptm/m/n/10 weight-ing
 []


Underfull \hbox (badness 10000) in paragraph at lines 17128--17130
[]|\T1/ptm/m/n/10 semi-cont
 []


Underfull \hbox (badness 10000) in paragraph at lines 17185--17188
[]|\T1/ptm/m/n/10 Age in com-
 []


Underfull \hbox (badness 10000) in paragraph at lines 17191--17193
[]|\T1/ptm/m/n/10 semi-cont
 []


Underfull \hbox (badness 10000) in paragraph at lines 17201--17205
[]|\T1/ptm/m/n/10 Religion of
 []


Underfull \hbox (badness 10000) in paragraph at lines 17218--17221
[]|\T1/ptm/m/n/10 Currently en-
 []


Underfull \hbox (badness 10000) in paragraph at lines 17234--17238
[]|\T1/ptm/m/n/10 Highest level
 []


Underfull \hbox (badness 10000) in paragraph at lines 17234--17238
\T1/ptm/m/n/10 of ed-u-ca-tion
 []


Underfull \hbox (badness 10000) in paragraph at lines 17249--17251
[]|\T1/ptm/m/n/10 EDYRSCURR
 []


Underfull \hbox (badness 7064) in paragraph at lines 17252--17257
[]|\T1/ptm/m/n/10 Years of ed-u-
 []


Underfull \hbox (badness 10000) in paragraph at lines 17260--17262
[]|\T1/ptm/m/n/10 semi-cont
 []


Underfull \hbox (badness 10000) in paragraph at lines 17270--17274
[]|\T1/ptm/m/n/10 Industry clas-
 []


Underfull \hbox (badness 10000) in paragraph at lines 17270--17274
\T1/ptm/m/n/10 sific ation
 []


Underfull \hbox (badness 10000) in paragraph at lines 17287--17291
[]|\T1/ptm/m/n/10 Main ma-te-rial
 []


Underfull \hbox (badness 10000) in paragraph at lines 17335--17338
[]|\T1/ptm/m/n/10 Main cook-ing
 []


Underfull \hbox (badness 10000) in paragraph at lines 17367--17372
[]|\T1/ptm/m/n/10 Ownership of
 []


Underfull \hbox (badness 10000) in paragraph at lines 17367--17372
\T1/ptm/m/n/10 agri-cultu ral
 []


Underfull \hbox (badness 10000) in paragraph at lines 17386--17393
[]|\T1/ptm/m/n/10 Land size
 []


Underfull \hbox (badness 10000) in paragraph at lines 17386--17393
\T1/ptm/m/n/10 owned by
 []


Underfull \hbox (badness 6775) in paragraph at lines 17386--17393
\T1/ptm/m/n/10 house-hold (ha)
 []


Underfull \hbox (badness 10000) in paragraph at lines 17404--17406
[]|\T1/ptm/m/n/10 OWNMOTORC
 []


Underfull \hbox (badness 10000) in paragraph at lines 17407--17411
[]|\T1/ptm/m/n/10 Ownership of
 []


Underfull \hbox (badness 10000) in paragraph at lines 17424--17426
[]|\T1/ptm/m/n/10 Ownership of
 []


Underfull \hbox (badness 10000) in paragraph at lines 17439--17443
[]|\T1/ptm/m/n/10 Ownership of
 []


Underfull \hbox (badness 10000) in paragraph at lines 17456--17461
[]|\T1/ptm/m/n/10 Number of
 []


Underfull \hbox (badness 10000) in paragraph at lines 17456--17461
\T1/ptm/m/n/10 large-siz ed
 []


Underfull \hbox (badness 10000) in paragraph at lines 17464--17466
[]|\T1/ptm/m/n/10 semi-cont
 []


Underfull \hbox (badness 5475) in paragraph at lines 17474--17477
[]|\T1/ptm/m/n/10 Income ^^U Re-
 []


Underfull \hbox (badness 10000) in paragraph at lines 17506--17508
[]|\T1/ptm/m/n/10 INCFARMBS
 []


Underfull \hbox (badness 10000) in paragraph at lines 17509--17517
\T1/ptm/m/n/10 in-come from
 []


Underfull \hbox (badness 10000) in paragraph at lines 17529--17531
[]|\T1/ptm/m/n/10 INCNFARMB
 []


Underfull \hbox (badness 10000) in paragraph at lines 17532--17540
[]|\T1/ptm/m/n/10 Income -Gross
 []


Underfull \hbox (badness 10000) in paragraph at lines 17532--17540
\T1/ptm/m/n/10 in-come from
 []


Underfull \hbox (badness 7814) in paragraph at lines 17532--17540
\T1/ptm/m/n/10 farm busi-nesse
 []


Underfull \hbox (badness 10000) in paragraph at lines 17619--17621
[]|\T1/ptm/m/n/10 INCTOTGRO
 []

[155]
Underfull \hbox (badness 10000) in paragraph at lines 17878--17884
[]|\T1/ptm/m/n/10 Total an-nual
 []


Underfull \hbox (badness 7238) in paragraph at lines 17878--17884
\T1/ptm/m/n/10 hold ex-pen-ditu
 []

[156] [157] [158] [159] [160] [161] [162] [163] [164]
Underfull \hbox (badness 10000) in paragraph at lines 18590--18590
[]\T1/phv/m/n/10 Key vari-
 []


Underfull \hbox (badness 10000) in paragraph at lines 18590--18590
[]\T1/ptm/m/it/10 No im-por-tance
 []

[165] [166] [167]
Underfull \hbox (badness 10000) in paragraph at lines 18856--18858
[]\T1/ptm/b/n/10 dRisk\T1/ptm/m/n/10 (sdcHH@origData[,**c**(^^PTANHHEXP^^Q, ^^P
INC-TOT-GROSSHH^^Q)], xm = sd-
 []


Underfull \hbox (badness 10000) in paragraph at lines 18861--18863
[]\T1/ptm/b/n/10 dRisk\T1/ptm/m/n/10 (sdcHH@origData[,**c**(^^PTANHHEXP^^Q, ^^P
INC-TOT-GROSSHH^^Q)], xm = sd-
 []

[168] [169]
Underfull \hbox (badness 10000) in paragraph at lines 19098--19098
[]\T1/ptm/m/n/10 k-
 []

[170] [171] [172]
Underfull \hbox (badness 10000) in paragraph at lines 19293--19293
[]\T1/ptm/m/n/10 REL (re-la-tion
 []


Underfull \hbox (badness 10000) in paragraph at lines 19293--19293
\T1/ptm/m/n/10 to house-hold
 []


Underfull \hbox (badness 10000) in paragraph at lines 19293--19293
[]\T1/ptm/m/n/10 MAR-I-TAL
 []


Underfull \hbox (badness 10000) in paragraph at lines 19293--19293
\T1/ptm/m/n/10 in com-pleted
 []


Underfull \hbox (badness 10000) in paragraph at lines 19293--19293
\T1/ptm/m/n/10 est level of
 []


Underfull \hbox (badness 10000) in paragraph at lines 19293--19293
\T1/ptm/m/n/10 ed-u-ca-tion
 []

[173] [174] [175] [176] [177] [178] [179


] [180] (./Readthedocs.ind)
Package atveryend Info: Empty hook `BeforeClearDocument' on input line 19892.
 [181]
Package atveryend Info: Empty hook `AfterLastShipout' on input line 19892.

(./Readthedocs.aux)
Package atveryend Info: Executing hook `AtVeryEndDocument' on input line 19892.

Package atveryend Info: Executing hook `AtEndAfterFileList' on input line 19892
.
Package rerunfilecheck Info: File `Readthedocs.out' has not changed.
(rerunfilecheck)             Checksum: FC9B1F8DB83E9587DE9C8C11EE18B1BE;14915.
Package atveryend Info: Empty hook `AtVeryVeryEnd' on input line 19892.
 ) 
Here is how much of TeX's memory you used:
 14449 strings out of 493089
 201673 string characters out of 6134842
 347490 words of memory out of 5000000
 17076 multiletter control sequences out of 15000+600000
 83442 words of font info for 117 fonts, out of 8000000 for 9000
 1142 hyphenation exceptions out of 8191
 37i,20n,48p,1003b,630s stack positions out of 5000i,500n,10000p,200000b,80000s
{/usr/local/texlive/2015/texmf-dist/fonts/enc/dvips/base/8r.enc}</usr/local/t
exlive/2015/texmf-dist/fonts/type1/public/amsfonts/cm/cmbx10.pfb></usr/local/te
xlive/2015/texmf-dist/fonts/type1/public/amsfonts/cm/cmbx7.pfb></usr/local/texl
ive/2015/texmf-dist/fonts/type1/public/amsfonts/cm/cmex10.pfb></usr/local/texli
ve/2015/texmf-dist/fonts/type1/public/amsfonts/cm/cmmi10.pfb></usr/local/texliv
e/2015/texmf-dist/fonts/type1/public/amsfonts/cm/cmmi12.pfb></usr/local/texlive
/2015/texmf-dist/fonts/type1/public/amsfonts/cm/cmmi5.pfb></usr/local/texlive/2
015/texmf-dist/fonts/type1/public/amsfonts/cm/cmmi7.pfb></usr/local/texlive/201
5/texmf-dist/fonts/type1/public/amsfonts/cm/cmmi8.pfb></usr/local/texlive/2015/
texmf-dist/fonts/type1/public/amsfonts/cm/cmr10.pfb></usr/local/texlive/2015/te
xmf-dist/fonts/type1/public/amsfonts/cm/cmr7.pfb></usr/local/texlive/2015/texmf
-dist/fonts/type1/public/amsfonts/cm/cmsy10.pfb></usr/local/texlive/2015/texmf-
dist/fonts/type1/public/amsfonts/cm/cmsy5.pfb></usr/local/texlive/2015/texmf-di
st/fonts/type1/public/amsfonts/cm/cmsy7.pfb></usr/local/texlive/2015/texmf-dist
/fonts/type1/urw/courier/ucrb8a.pfb></usr/local/texlive/2015/texmf-dist/fonts/t
ype1/urw/courier/ucrr8a.pfb></usr/local/texlive/2015/texmf-dist/fonts/type1/urw
/courier/ucrro8a.pfb></usr/local/texlive/2015/texmf-dist/fonts/type1/urw/helvet
ic/uhvb8a.pfb></usr/local/texlive/2015/texmf-dist/fonts/type1/urw/helvetic/uhvb
o8a.pfb></usr/local/texlive/2015/texmf-dist/fonts/type1/urw/helvetic/uhvr8a.pfb
></usr/local/texlive/2015/texmf-dist/fonts/type1/urw/times/utmb8a.pfb></usr/loc
al/texlive/2015/texmf-dist/fonts/type1/urw/times/utmbi8a.pfb></usr/local/texliv
e/2015/texmf-dist/fonts/type1/urw/times/utmr8a.pfb></usr/local/texlive/2015/tex
mf-dist/fonts/type1/urw/times/utmri8a.pfb>
Output written on Readthedocs.pdf (185 pages, 1541464 bytes).
PDF statistics:
 1920 PDF objects out of 2073 (max. 8388607)
 1633 compressed objects within 17 object streams
 475 named destinations out of 1000 (max. 500000)
 712 words of extra memory for PDF output out of 10000 (max. 10000000)

