\BOOKMARK [0][-]{chapter.1}{\376\377\000I\000n\000t\000r\000o\000d\000u\000c\000t\000i\000o\000n}{}% 1
\BOOKMARK [1][-]{section.1.1}{\376\377\000B\000u\000i\000l\000d\000i\000n\000g\000\040\000a\000\040\000k\000n\000o\000w\000l\000e\000d\000g\000e\000\040\000b\000a\000s\000e}{chapter.1}% 2
\BOOKMARK [1][-]{section.1.2}{\376\377\000U\000s\000i\000n\000g\000\040\000t\000h\000i\000s\000\040\000g\000u\000i\000d\000e}{chapter.1}% 3
\BOOKMARK [1][-]{section.1.3}{\376\377\000O\000u\000t\000l\000i\000n\000e\000\040\000o\000f\000\040\000t\000h\000i\000s\000\040\000g\000u\000i\000d\000e}{chapter.1}% 4
\BOOKMARK [0][-]{chapter.2}{\376\377\000G\000l\000o\000s\000s\000a\000r\000y\000\040\000a\000n\000d\000\040\000l\000i\000s\000t\000\040\000o\000f\000\040\000a\000c\000r\000o\000n\000y\000m\000s}{}% 5
\BOOKMARK [1][-]{section.2.1}{\376\377\000L\000i\000s\000t\000\040\000o\000f\000\040\000A\000c\000r\000o\000n\000y\000m\000s}{chapter.2}% 6
\BOOKMARK [1][-]{section.2.2}{\376\377\000G\000l\000o\000s\000s\000a\000r\000y}{chapter.2}% 7
\BOOKMARK [0][-]{chapter.3}{\376\377\000S\000t\000a\000t\000i\000s\000t\000i\000c\000a\000l\000\040\000D\000i\000s\000c\000l\000o\000s\000u\000r\000e\000\040\000C\000o\000n\000t\000r\000o\000l\000\040\000\050\000S\000D\000C\000\051\000:\000\040\000A\000n\000\040\000I\000n\000t\000r\000o\000d\000u\000c\000t\000i\000o\000n}{}% 8
\BOOKMARK [1][-]{section.3.1}{\376\377\000N\000e\000e\000d\000\040\000f\000o\000r\000\040\000S\000D\000C}{chapter.3}% 9
\BOOKMARK [1][-]{section.3.2}{\376\377\000T\000h\000e\000\040\000r\000i\000s\000k\000-\000u\000t\000i\000l\000i\000t\000y\000\040\000t\000r\000a\000d\000e\000-\000o\000f\000f\000\040\000i\000n\000\040\000t\000h\000e\000\040\000S\000D\000C\000\040\000p\000r\000o\000c\000e\000s\000s}{chapter.3}% 10
\BOOKMARK [0][-]{chapter.4}{\376\377\000R\000e\000l\000e\000a\000s\000e\000\040\000T\000y\000p\000e\000s}{}% 11
\BOOKMARK [1][-]{section.4.1}{\376\377\000C\000o\000n\000d\000i\000t\000i\000o\000n\000s\000\040\000f\000o\000r\000\040\000P\000U\000F\000s}{chapter.4}% 12
\BOOKMARK [1][-]{section.4.2}{\376\377\000C\000o\000n\000d\000i\000t\000i\000o\000n\000s\000\040\000f\000o\000r\000\040\000S\000U\000F\000s}{chapter.4}% 13
\BOOKMARK [1][-]{section.4.3}{\376\377\000C\000o\000n\000d\000i\000t\000i\000o\000n\000s\000\040\000f\000o\000r\000\040\000m\000i\000c\000r\000o\000d\000a\000t\000a\000\040\000a\000v\000a\000i\000l\000a\000b\000l\000e\000\040\000i\000n\000\040\000a\000\040\000c\000o\000n\000t\000r\000o\000l\000l\000e\000d\000\040\000r\000e\000s\000e\000a\000r\000c\000h\000\040\000d\000a\000t\000a\000\040\000c\000e\000n\000t\000e\000r}{chapter.4}% 14
\BOOKMARK [0][-]{chapter.5}{\376\377\000M\000e\000a\000s\000u\000r\000i\000n\000g\000\040\000R\000i\000s\000k}{}% 15
\BOOKMARK [1][-]{section.5.1}{\376\377\000T\000y\000p\000e\000s\000\040\000o\000f\000\040\000d\000i\000s\000c\000l\000o\000s\000u\000r\000e}{chapter.5}% 16
\BOOKMARK [1][-]{section.5.2}{\376\377\000C\000l\000a\000s\000s\000i\000f\000i\000c\000a\000t\000i\000o\000n\000\040\000o\000f\000\040\000v\000a\000r\000i\000a\000b\000l\000e\000s}{chapter.5}% 17
\BOOKMARK [1][-]{section.5.3}{\376\377\000D\000i\000s\000c\000l\000o\000s\000u\000r\000e\000\040\000s\000c\000e\000n\000a\000r\000i\000o\000s}{chapter.5}% 18
\BOOKMARK [1][-]{section.5.4}{\376\377\000L\000e\000v\000e\000l\000s\000\040\000o\000f\000\040\000r\000i\000s\000k}{chapter.5}% 19
\BOOKMARK [1][-]{section.5.5}{\376\377\000I\000n\000d\000i\000v\000i\000d\000u\000a\000l\000\040\000r\000i\000s\000k}{chapter.5}% 20
\BOOKMARK [1][-]{section.5.6}{\376\377\000S\000p\000e\000c\000i\000a\000l\000\040\000U\000n\000i\000q\000u\000e\000s\000\040\000D\000e\000t\000e\000c\000t\000i\000o\000n\000\040\000A\000l\000g\000o\000r\000i\000t\000h\000m\000\040\000\050\000S\000U\000D\000A\000\051}{chapter.5}% 21
\BOOKMARK [1][-]{section.5.7}{\376\377\000R\000i\000s\000k\000\040\000m\000e\000a\000s\000u\000r\000e\000s\000\040\000f\000o\000r\000\040\000c\000o\000n\000t\000i\000n\000u\000o\000u\000s\000\040\000v\000a\000r\000i\000a\000b\000l\000e\000s}{chapter.5}% 22
\BOOKMARK [1][-]{section.5.8}{\376\377\000G\000l\000o\000b\000a\000l\000\040\000r\000i\000s\000k}{chapter.5}% 23
\BOOKMARK [1][-]{section.5.9}{\376\377\000H\000o\000u\000s\000e\000h\000o\000l\000d\000\040\000r\000i\000s\000k}{chapter.5}% 24
\BOOKMARK [0][-]{chapter.6}{\376\377\000A\000n\000o\000n\000y\000m\000i\000z\000a\000t\000i\000o\000n\000\040\000M\000e\000t\000h\000o\000d\000s}{}% 25
\BOOKMARK [1][-]{section.6.1}{\376\377\000C\000l\000a\000s\000s\000i\000f\000i\000c\000a\000t\000i\000o\000n\000\040\000o\000f\000\040\000S\000D\000C\000\040\000m\000e\000t\000h\000o\000d\000s}{chapter.6}% 26
\BOOKMARK [1][-]{section.6.2}{\376\377\000N\000o\000n\000-\000p\000e\000r\000t\000u\000r\000b\000a\000t\000i\000v\000e\000\040\000m\000e\000t\000h\000o\000d\000s}{chapter.6}% 27
\BOOKMARK [1][-]{section.6.3}{\376\377\000P\000e\000r\000t\000u\000r\000b\000a\000t\000i\000v\000e\000\040\000m\000e\000t\000h\000o\000d\000s}{chapter.6}% 28
\BOOKMARK [1][-]{section.6.4}{\376\377\000A\000n\000o\000n\000y\000m\000i\000z\000a\000t\000i\000o\000n\000\040\000o\000f\000\040\000g\000e\000o\000s\000p\000a\000t\000i\000a\000l\000\040\000v\000a\000r\000i\000a\000b\000l\000e\000s}{chapter.6}% 29
\BOOKMARK [1][-]{section.6.5}{\376\377\000A\000n\000o\000n\000y\000m\000i\000z\000a\000t\000i\000o\000n\000\040\000o\000f\000\040\000t\000h\000e\000\040\000q\000u\000a\000s\000i\000-\000i\000d\000e\000n\000t\000i\000f\000i\000e\000r\000\040\000h\000o\000u\000s\000e\000h\000o\000l\000d\000\040\000s\000i\000z\000e}{chapter.6}% 30
\BOOKMARK [1][-]{section.6.6}{\376\377\000S\000p\000e\000c\000i\000a\000l\000\040\000c\000a\000s\000e\000:\000\040\000c\000e\000n\000s\000u\000s\000\040\000d\000a\000t\000a}{chapter.6}% 31
\BOOKMARK [0][-]{chapter.7}{\376\377\000M\000e\000a\000s\000u\000r\000i\000n\000g\000\040\000U\000t\000i\000l\000i\000t\000y\000\040\000a\000n\000d\000\040\000I\000n\000f\000o\000r\000m\000a\000t\000i\000o\000n\000\040\000L\000o\000s\000s}{}% 32
\BOOKMARK [1][-]{section.7.1}{\376\377\000G\000e\000n\000e\000r\000a\000l\000\040\000u\000t\000i\000l\000i\000t\000y\000\040\000m\000e\000a\000s\000u\000r\000e\000s\000\040\000f\000o\000r\000\040\000c\000o\000n\000t\000i\000n\000u\000o\000u\000s\000\040\000a\000n\000d\000\040\000c\000a\000t\000e\000g\000o\000r\000i\000c\000a\000l\000\040\000v\000a\000r\000i\000a\000b\000l\000e\000s}{chapter.7}% 33
\BOOKMARK [1][-]{section.7.2}{\376\377\000U\000t\000i\000l\000i\000t\000y\000\040\000m\000e\000a\000s\000u\000r\000e\000s\000\040\000b\000a\000s\000e\000d\000\040\000o\000n\000\040\000t\000h\000e\000\040\000e\000n\000d\000\040\000u\000s\000e\000r\040\031\000s\000\040\000n\000e\000e\000d\000s}{chapter.7}% 34
\BOOKMARK [1][-]{section.7.3}{\376\377\000R\000e\000g\000r\000e\000s\000s\000i\000o\000n}{chapter.7}% 35
\BOOKMARK [1][-]{section.7.4}{\376\377\000A\000s\000s\000e\000s\000s\000i\000n\000g\000\040\000d\000a\000t\000a\000\040\000u\000t\000i\000l\000i\000t\000y\000\040\000w\000i\000t\000h\000\040\000t\000h\000e\000\040\000h\000e\000l\000p\000\040\000o\000f\000\040\000d\000a\000t\000a\000\040\000v\000i\000s\000u\000a\000l\000i\000z\000a\000t\000i\000o\000n\000s\000\040\000\050\000i\000n\000\040\000R\000\051}{chapter.7}% 36
\BOOKMARK [1][-]{section.7.5}{\376\377\000C\000h\000o\000i\000c\000e\000\040\000o\000f\000\040\000u\000t\000i\000l\000i\000t\000y\000\040\000m\000e\000a\000s\000u\000r\000e}{chapter.7}% 37
\BOOKMARK [0][-]{chapter.8}{\376\377\000S\000D\000C\000\040\000w\000i\000t\000h\000\040\000s\000d\000c\000M\000i\000c\000r\000o\000\040\000i\000n\000\040\000R\000:\000\040\000S\000e\000t\000t\000i\000n\000g\000\040\000U\000p\000\040\000Y\000o\000u\000r\000\040\000D\000a\000t\000a\000\040\000a\000n\000d\000\040\000m\000o\000r\000e}{}% 38
\BOOKMARK [1][-]{section.8.1}{\376\377\000I\000n\000s\000t\000a\000l\000l\000i\000n\000g\000\040\000R\000,\000\040\000s\000d\000c\000M\000i\000c\000r\000o\000\040\000a\000n\000d\000\040\000o\000t\000h\000e\000r\000\040\000p\000a\000c\000k\000a\000g\000e\000s}{chapter.8}% 39
\BOOKMARK [1][-]{section.8.2}{\376\377\000R\000e\000a\000d\000\040\000f\000u\000n\000c\000t\000i\000o\000n\000s\000\040\000i\000n\000\040\000R}{chapter.8}% 40
\BOOKMARK [1][-]{section.8.3}{\376\377\000M\000i\000s\000s\000i\000n\000g\000\040\000v\000a\000l\000u\000e\000s}{chapter.8}% 41
\BOOKMARK [1][-]{section.8.4}{\376\377\000C\000l\000a\000s\000s\000e\000s\000\040\000i\000n\000\040\000R}{chapter.8}% 42
\BOOKMARK [1][-]{section.8.5}{\376\377\000O\000b\000j\000e\000c\000t\000s\000\040\000o\000f\000\040\000c\000l\000a\000s\000s\000\040\000s\000d\000c\000M\000i\000c\000r\000o\000O\000b\000j}{chapter.8}% 43
\BOOKMARK [1][-]{section.8.6}{\376\377\000H\000o\000u\000s\000e\000h\000o\000l\000d\000\040\000s\000t\000r\000u\000c\000t\000u\000r\000e}{chapter.8}% 44
\BOOKMARK [1][-]{section.8.7}{\376\377\000R\000a\000n\000d\000o\000m\000i\000z\000i\000n\000g\000\040\000o\000r\000d\000e\000r\000\040\000a\000n\000d\000\040\000n\000u\000m\000b\000e\000r\000i\000n\000g\000\040\000o\000f\000\040\000i\000n\000d\000i\000v\000i\000d\000u\000a\000l\000s\000\040\000o\000r\000\040\000h\000o\000u\000s\000e\000h\000o\000l\000d\000s}{chapter.8}% 45
\BOOKMARK [1][-]{section.8.8}{\376\377\000C\000o\000m\000p\000u\000t\000a\000t\000i\000o\000n\000\040\000t\000i\000m\000e}{chapter.8}% 46
\BOOKMARK [1][-]{section.8.9}{\376\377\000C\000o\000m\000m\000o\000n\000\040\000e\000r\000r\000o\000r\000s}{chapter.8}% 47
\BOOKMARK [0][-]{chapter.9}{\376\377\000T\000h\000e\000\040\000S\000D\000C\000\040\000P\000r\000o\000c\000e\000s\000s}{}% 48
\BOOKMARK [1][-]{section.9.1}{\376\377\000S\000t\000e\000p\000\040\0001\000:\000\040\000N\000e\000e\000d\000\040\000f\000o\000r\000\040\000c\000o\000n\000f\000i\000d\000e\000n\000t\000i\000a\000l\000i\000t\000y\000\040\000p\000r\000o\000t\000e\000c\000t\000i\000o\000n}{chapter.9}% 49
\BOOKMARK [1][-]{section.9.2}{\376\377\000S\000t\000e\000p\000\040\0002\000:\000\040\000D\000a\000t\000a\000\040\000p\000r\000e\000p\000a\000r\000a\000t\000i\000o\000n\000\040\000a\000n\000d\000\040\000e\000x\000p\000l\000o\000r\000i\000n\000g\000\040\000d\000a\000t\000a\000\040\000c\000h\000a\000r\000a\000c\000t\000e\000r\000i\000s\000t\000i\000c\000s}{chapter.9}% 50
\BOOKMARK [1][-]{section.9.3}{\376\377\000S\000t\000e\000p\000\040\0003\000:\000\040\000T\000y\000p\000e\000\040\000o\000f\000\040\000r\000e\000l\000e\000a\000s\000e}{chapter.9}% 51
\BOOKMARK [1][-]{section.9.4}{\376\377\000S\000t\000e\000p\000\040\0004\000:\000\040\000I\000n\000t\000r\000u\000d\000e\000r\000\040\000s\000c\000e\000n\000a\000r\000i\000o\000s\000\040\000a\000n\000d\000\040\000c\000h\000o\000i\000c\000e\000\040\000o\000f\000\040\000k\000e\000y\000\040\000v\000a\000r\000i\000a\000b\000l\000e\000s}{chapter.9}% 52
\BOOKMARK [1][-]{section.9.5}{\376\377\000S\000t\000e\000p\000\040\0005\000:\000\040\000D\000a\000t\000a\000\040\000k\000e\000y\000\040\000u\000s\000e\000s\000\040\000a\000n\000d\000\040\000s\000e\000l\000e\000c\000t\000i\000o\000n\000\040\000o\000f\000\040\000u\000t\000i\000l\000i\000t\000y\000\040\000m\000e\000a\000s\000u\000r\000e\000s}{chapter.9}% 53
\BOOKMARK [1][-]{section.9.6}{\376\377\000S\000t\000e\000p\000\040\0006\000:\000\040\000A\000s\000s\000e\000s\000s\000i\000n\000g\000\040\000d\000i\000s\000c\000l\000o\000s\000u\000r\000e\000\040\000r\000i\000s\000k}{chapter.9}% 54
\BOOKMARK [1][-]{section.9.7}{\376\377\000S\000t\000e\000p\000\040\0007\000:\000\040\000A\000s\000s\000e\000s\000s\000i\000n\000g\000\040\000u\000t\000i\000l\000i\000t\000y\000\040\000m\000e\000a\000s\000u\000r\000e\000s}{chapter.9}% 55
\BOOKMARK [1][-]{section.9.8}{\376\377\000S\000t\000e\000p\000\040\0008\000:\000\040\000C\000h\000o\000i\000c\000e\000\040\000a\000n\000d\000\040\000a\000p\000p\000l\000i\000c\000a\000t\000i\000o\000n\000\040\000o\000f\000\040\000S\000D\000C\000\040\000m\000e\000t\000h\000o\000d\000s}{chapter.9}% 56
\BOOKMARK [1][-]{section.9.9}{\376\377\000S\000t\000e\000p\000\040\0009\000:\000\040\000R\000e\000-\000m\000e\000a\000s\000u\000r\000e\000\040\000r\000i\000s\000k}{chapter.9}% 57
\BOOKMARK [1][-]{section.9.10}{\376\377\000S\000t\000e\000p\000\040\0001\0000\000:\000\040\000R\000e\000-\000m\000e\000a\000s\000u\000r\000e\000\040\000u\000t\000i\000l\000i\000t\000y}{chapter.9}% 58
\BOOKMARK [1][-]{section.9.11}{\376\377\000S\000t\000e\000p\000\040\0001\0001\000:\000\040\000A\000u\000d\000i\000t\000\040\000a\000n\000d\000\040\000R\000e\000p\000o\000r\000t\000i\000n\000g}{chapter.9}% 59
\BOOKMARK [1][-]{section.9.12}{\376\377\000S\000t\000e\000p\000\040\0001\0002\000:\000\040\000D\000a\000t\000a\000\040\000r\000e\000l\000e\000a\000s\000e}{chapter.9}% 60
\BOOKMARK [0][-]{chapter.10}{\376\377\000A\000p\000p\000e\000n\000d\000i\000c\000e\000s}{}% 61
\BOOKMARK [1][-]{section.10.1}{\376\377\000A\000p\000p\000e\000n\000d\000i\000x\000\040\000A\000:\000\040\000O\000v\000e\000r\000v\000i\000e\000w\000\040\000o\000f\000\040\000C\000a\000s\000e\000\040\000S\000t\000u\000d\000y\000\040\000V\000a\000r\000i\000a\000b\000l\000e\000s}{chapter.10}% 62
\BOOKMARK [1][-]{section.10.2}{\376\377\000A\000p\000p\000e\000n\000d\000i\000x\000\040\000B\000:\000\040\000E\000x\000a\000m\000p\000l\000e\000\040\000o\000f\000\040\000B\000l\000a\000n\000k\000e\000t\000\040\000A\000g\000r\000e\000e\000m\000e\000n\000t\000\040\000f\000o\000r\000\040\000S\000U\000F}{chapter.10}% 63
\BOOKMARK [1][-]{section.10.3}{\376\377\000A\000p\000p\000e\000n\000d\000i\000x\000\040\000C\000:\000\040\000I\000n\000t\000e\000r\000n\000a\000l\000\040\000a\000n\000d\000\040\000E\000x\000t\000e\000r\000n\000a\000l\000\040\000R\000e\000p\000o\000r\000t\000s\000\040\000f\000o\000r\000\040\000C\000a\000s\000e\000\040\000S\000t\000u\000d\000i\000e\000s}{chapter.10}% 64
\BOOKMARK [1][-]{section.10.4}{\376\377\000A\000p\000p\000e\000n\000d\000i\000x\000\040\000D\000:\000\040\000E\000x\000e\000c\000u\000t\000i\000o\000n\000\040\000T\000i\000m\000e\000s\000\040\000f\000o\000r\000\040\000M\000u\000l\000t\000i\000p\000l\000e\000\040\000S\000c\000e\000n\000a\000r\000i\000o\000s\000\040\000T\000e\000s\000t\000e\000d\000\040\000u\000s\000i\000n\000g\000\040\000S\000e\000l\000e\000c\000t\000e\000d\000\040\000S\000a\000m\000p\000l\000e\000\040\000D\000a\000t\000a}{chapter.10}% 65
\BOOKMARK [0][-]{chapter.11}{\376\377\000A\000c\000k\000n\000o\000w\000l\000e\000d\000g\000e\000m\000e\000n\000t\000s}{}% 66
\BOOKMARK [0][-]{chapter.12}{\376\377\000C\000a\000s\000e\000\040\000S\000t\000u\000d\000i\000e\000s\000\040\000\050\000I\000l\000l\000u\000s\000t\000r\000a\000t\000i\000n\000g\000\040\000t\000h\000e\000\040\000S\000D\000C\000\040\000P\000r\000o\000c\000e\000s\000s\000\051}{}% 67
\BOOKMARK [1][-]{section.12.1}{\376\377\000C\000a\000s\000e\000\040\000s\000t\000u\000d\000y\000\040\0001\000-\000\040\000S\000U\000F}{chapter.12}% 68
\BOOKMARK [1][-]{section.12.2}{\376\377\000C\000a\000s\000e\000\040\000s\000t\000u\000d\000y\000\040\0002\000\040\000-\000\040\000P\000U\000F}{chapter.12}% 69
\BOOKMARK [0][-]{chapter*.21}{\376\377\000B\000i\000b\000l\000i\000o\000g\000r\000a\000p\000h\000y}{}% 70
